#
# There is insufficient memory for the Java Runtime Environment to continue.
# Native memory allocation (mmap) failed to map 268435456 bytes for G1 virtual space
# Possible reasons:
#   The system is out of physical RAM or swap space
#   The process is running with CompressedOops enabled, and the Java Heap may be blocking the growth of the native heap
# Possible solutions:
#   Reduce memory load on the system
#   Increase physical memory or swap space
#   Check if swap backing store is full
#   Decrease Java heap size (-Xmx/-Xms)
#   Decrease number of Java threads
#   Decrease Java thread stack sizes (-Xss)
#   Set larger code cache with -XX:ReservedCodeCacheSize=
#   JVM is running with Zero Based Compressed Oops mode in which the Java heap is
#     placed in the first 32GB address space. The Java Heap base address is the
#     maximum limit for the native heap growth. Please use -XX:HeapBaseMinAddress
#     to set the Java Heap base and to place the Java Heap above 32GB virtual address.
# This output file may be truncated or incomplete.
#
#  Out of Memory Error (os_windows.cpp:3530), pid=11788, tid=3416
#
# JRE version:  (18.0.2+9) (build )
# Java VM: Java HotSpot(TM) 64-Bit Server VM (18.0.2+9-61, mixed mode, sharing, tiered, compressed oops, compressed class ptrs, g1 gc, windows-amd64)
# No core dump will be written. Minidumps are not enabled by default on client versions of Windows
#

---------------  S U M M A R Y ------------

Command Line: org.jetbrains.kotlin.cli.jvm.K2JVMCompiler @D:\Development\1.Jhankar Mahbub\native-project\SimpleApp\node_modules\react-native-gradle-plugin\build\20221222_17122688440059944679.compiler.options

Host: Intel(R) Core(TM) i7-6700 CPU @ 3.40GHz, 8 cores, 15G,  Windows 11 , 64 bit Build 22000 (10.0.22000.1335)
Time: Thu Dec 22 00:51:46 2022 Bangladesh Standard Time elapsed time: 0.010625 seconds (0d 0h 0m 0s)

---------------  T H R E A D  ---------------

Current thread (0x0000023d0c61ca70):  JavaThread "Unknown thread" [_thread_in_vm, id=3416, stack(0x0000007160000000,0x0000007160100000)]

Stack: [0x0000007160000000,0x0000007160100000]
Native frames: (J=compiled Java code, j=interpreted, Vv=VM code, C=native code)
V  [jvm.dll+0x6993ca]
V  [jvm.dll+0x7f481d]
V  [jvm.dll+0x7f612e]
V  [jvm.dll+0x7f67e3]
V  [jvm.dll+0x25cdaf]
V  [jvm.dll+0x696319]
V  [jvm.dll+0x68ae4a]
V  [jvm.dll+0x3223eb]
V  [jvm.dll+0x329dc6]
V  [jvm.dll+0x37eade]
V  [jvm.dll+0x37ed0f]
V  [jvm.dll+0x2fa16a]
V  [jvm.dll+0x2fb1cd]
V  [jvm.dll+0x7c3450]
V  [jvm.dll+0x38be61]
V  [jvm.dll+0x7a2073]
V  [jvm.dll+0x40dc3f]
V  [jvm.dll+0x40f611]
C  [jli.dll+0x526b]
C  [ucrtbase.dll+0x26c0c]
C  [KERNEL32.DLL+0x155a0]
C  [ntdll.dll+0x485b]


---------------  P R O C E S S  ---------------

Threads class SMR info:
_java_thread_list=0x00007ffc6c9ce550, length=0, elements={
}

Java Threads: ( => current thread )

Other Threads:
  0x0000023d0c68ef50 WorkerThread "GC Thread#0" [stack: 0x0000007160100000,0x0000007160200000] [id=10992]
  0x0000023d0c69fd00 ConcurrentGCThread "G1 Main Marker" [stack: 0x0000007160200000,0x0000007160300000] [id=12524]
  0x0000023d0c6a0750 WorkerThread "G1 Conc#0" [stack: 0x0000007160300000,0x0000007160400000] [id=10856]

[error occurred during error reporting (printing all threads), id 0xc0000005, EXCEPTION_ACCESS_VIOLATION (0xc0000005) at pc=0x00007ffc6c1fa707]

VM state: not at safepoint (not fully initialized)

VM Mutex/Monitor currently owned by a thread:  ([mutex/lock_event])
[0x0000023d0c6175e0] Heap_lock - owner thread: 0x0000023d0c61ca70

Heap address: 0x0000000700800000, size: 4088 MB, Compressed Oops mode: Zero based, Oop shift amount: 3

CDS archive(s) mapped at: [0x0000000000000000-0x0000000000000000-0x0000000000000000), size 0, SharedBaseAddress: 0x0000000800000000, ArchiveRelocationMode: 0.
Narrow klass base: 0x0000000000000000, Narrow klass shift: 0, Narrow klass range: 0x0

GC Precious Log:
 CardTable entry size: 512
 Card Set container configuration: InlinePtr #cards 4 size 8 Array Of Cards #cards 16 size 48 Howl #buckets 8 coarsen threshold 3686 Howl Bitmap #cards 512 size 80 coarsen threshold 460 Card regions per heap region 1 cards per card region 4096

Heap:
 garbage-first heap   total 0K, used 0K [0x0000000700800000, 0x0000000800000000)
  region size 2048K, 0 young (0K), 0 survivors (0K)

[error occurred during error reporting (printing heap information), id 0xc0000005, EXCEPTION_ACCESS_VIOLATION (0xc0000005) at pc=0x00007ffc6c5e1859]

GC Heap History (0 events):
No events

Deoptimization events (0 events):
No events

Classes loaded (0 events):
No events

Classes unloaded (0 events):
No events

Classes redefined (0 events):
No events

Internal exceptions (0 events):
No events

VM Operations (0 events):
No events

Events (1 events):
Event: 0.006 Loaded shared library C:\Program Files\Java\jdk-18.0.2\bin\java.dll


Dynamic libraries:
0x00007ff659da0000 - 0x00007ff659db0000 	C:\Program Files\Java\jdk-18.0.2\bin\java.exe
0x00007ffccfc60000 - 0x00007ffccfe69000 	C:\Windows\SYSTEM32\ntdll.dll
0x00007ffcce180000 - 0x00007ffcce23e000 	C:\Windows\System32\KERNEL32.DLL
0x00007ffccd760000 - 0x00007ffccdadb000 	C:\Windows\System32\KERNELBASE.dll
0x00007ffccd360000 - 0x00007ffccd471000 	C:\Windows\System32\ucrtbase.dll
0x00007ffcc7330000 - 0x00007ffcc734a000 	C:\Program Files\Java\jdk-18.0.2\bin\VCRUNTIME140.dll
0x00007ffcc7420000 - 0x00007ffcc7438000 	C:\Program Files\Java\jdk-18.0.2\bin\jli.dll
0x00007ffccf5c0000 - 0x00007ffccf66e000 	C:\Windows\System32\ADVAPI32.dll
0x00007ffcce650000 - 0x00007ffcce6f3000 	C:\Windows\System32\msvcrt.dll
0x00007ffccdd50000 - 0x00007ffccddee000 	C:\Windows\System32\sechost.dll
0x00007ffccf810000 - 0x00007ffccf930000 	C:\Windows\System32\RPCRT4.dll
0x00007ffccf930000 - 0x00007ffccfadd000 	C:\Windows\System32\USER32.dll
0x00007ffcb6580000 - 0x00007ffcb6825000 	C:\Windows\WinSxS\amd64_microsoft.windows.common-controls_6595b64144ccf1df_6.0.22000.120_none_9d947278b86cc467\COMCTL32.dll
0x00007ffccd520000 - 0x00007ffccd546000 	C:\Windows\System32\win32u.dll
0x00007ffccf4e0000 - 0x00007ffccf509000 	C:\Windows\System32\GDI32.dll
0x00007ffccd550000 - 0x00007ffccd668000 	C:\Windows\System32\gdi32full.dll
0x00007ffccd480000 - 0x00007ffccd51d000 	C:\Windows\System32\msvcp_win.dll
0x00007ffcc5520000 - 0x00007ffcc552a000 	C:\Windows\SYSTEM32\VERSION.dll
0x00007ffccf350000 - 0x00007ffccf382000 	C:\Windows\System32\IMM32.DLL
0x00007ffcc7410000 - 0x00007ffcc741c000 	C:\Program Files\Java\jdk-18.0.2\bin\vcruntime140_1.dll
0x00007ffc9d3e0000 - 0x00007ffc9d46d000 	C:\Program Files\Java\jdk-18.0.2\bin\msvcp140.dll
0x00007ffc6bef0000 - 0x00007ffc6cb01000 	C:\Program Files\Java\jdk-18.0.2\bin\server\jvm.dll
0x00007ffcce170000 - 0x00007ffcce178000 	C:\Windows\System32\PSAPI.DLL
0x00007ffcaa900000 - 0x00007ffcaa909000 	C:\Windows\SYSTEM32\WSOCK32.dll
0x00007ffcc71b0000 - 0x00007ffcc71e3000 	C:\Windows\SYSTEM32\WINMM.dll
0x00007ffccdc80000 - 0x00007ffccdcef000 	C:\Windows\System32\WS2_32.dll
0x00007ffccc2a0000 - 0x00007ffccc2b8000 	C:\Windows\SYSTEM32\kernel.appcore.dll
0x00007ffca6b90000 - 0x00007ffca6b9a000 	C:\Program Files\Java\jdk-18.0.2\bin\jimage.dll
0x00007ffcbc850000 - 0x00007ffcbca71000 	C:\Windows\SYSTEM32\DBGHELP.DLL
0x00007ffcb9d80000 - 0x00007ffcb9db1000 	C:\Windows\SYSTEM32\dbgcore.DLL
0x00007ffccd6e0000 - 0x00007ffccd75f000 	C:\Windows\System32\bcryptPrimitives.dll
0x00007ffca0b50000 - 0x00007ffca0b75000 	C:\Program Files\Java\jdk-18.0.2\bin\java.dll

dbghelp: loaded successfully - version: 4.0.5 - missing functions: none
symbol engine: initialized successfully - sym options: 0x614 - pdb path: .;C:\Program Files\Java\jdk-18.0.2\bin;C:\Windows\SYSTEM32;C:\Windows\WinSxS\amd64_microsoft.windows.common-controls_6595b64144ccf1df_6.0.22000.120_none_9d947278b86cc467;C:\Program Files\Java\jdk-18.0.2\bin\server

VM Arguments:
java_command: org.jetbrains.kotlin.cli.jvm.K2JVMCompiler @D:\Development\1.Jhankar Mahbub\native-project\SimpleApp\node_modules\react-native-gradle-plugin\build\20221222_17122688440059944679.compiler.options
java_class_path (initial): C:\Users\salma\.gradle\caches\modules-2\files-2.1\org.jetbrains.kotlin\kotlin-compiler-embeddable\1.6.10\88f2073f4020cdb83132cfe940ceb9a60aba54ea\kotlin-compiler-embeddable-1.6.10.jar;C:\Users\salma\.gradle\caches\modules-2\files-2.1\org.jetbrains.kotlin\kotlin-reflect\1.6.10\1cbe9c92c12a94eea200d23c2bbaedaf3daf5132\kotlin-reflect-1.6.10.jar;C:\Users\salma\.gradle\caches\modules-2\files-2.1\org.jetbrains.kotlin\kotlin-stdlib\1.6.10\b8af3fe6f1ca88526914929add63cf5e7c5049af\kotlin-stdlib-1.6.10.jar;C:\Users\salma\.gradle\caches\modules-2\files-2.1\org.jetbrains.kotlin\kotlin-script-runtime\1.6.10\d0a7ff2e2500ef497ed0214ae40ad3c8387a6164\kotlin-script-runtime-1.6.10.jar;C:\Users\salma\.gradle\caches\modules-2\files-2.1\org.jetbrains.kotlin\kotlin-daemon-embeddable\1.6.10\a56d79bcbea411fa6058e4ecffc2de73e742bd2a\kotlin-daemon-embeddable-1.6.10.jar;C:\Users\salma\.gradle\caches\modules-2\files-2.1\org.jetbrains.intellij.deps\trove4j\1.0.20181211\216c2e14b070f334479d800987affe4054cd563f\trove4j-1.0.20181211.jar;C:\Users\salma\.gradle\caches\modules-2\files-2.1\net.java.dev.jna\jna\5.6.0\330f2244e9030119ab3030fc3fededc86713d9cc\jna-5.6.0.jar;C:\Users\salma\.gradle\caches\modules-2\files-2.1\org.jetbrains\annotations\13.0\919f0dfe192fb4e063e7dacadee7f8bb9a2672a9\annotations-13.0.jar;C:\Users\salma\.gradle\caches\modules-2\files-2.1\org.jetbrains.kotlin\kotlin-stdlib-common\1.6.10\c118700e3a33c8a0d9adc920e9dec0831171925\kotlin-stdlib-common-1.6.10.jar
Launcher Type: SUN_STANDARD

[Global flags]
     intx CICompilerCount                          = 4                                         {product} {ergonomic}
     uint ConcGCThreads                            = 2                                         {product} {ergonomic}
     uint G1ConcRefinementThreads                  = 8                                         {product} {ergonomic}
   size_t G1HeapRegionSize                         = 2097152                                   {product} {ergonomic}
    uintx GCDrainStackTargetSize                   = 64                                        {product} {ergonomic}
   size_t InitialHeapSize                          = 268435456                                 {product} {ergonomic}
   size_t MarkStackSize                            = 4194304                                   {product} {ergonomic}
   size_t MaxHeapSize                              = 4286578688                                {product} {ergonomic}
   size_t MinHeapDeltaBytes                        = 2097152                                   {product} {ergonomic}
   size_t MinHeapSize                              = 8388608                                   {product} {ergonomic}
    uintx NonNMethodCodeHeapSize                   = 5839372                                {pd product} {ergonomic}
    uintx NonProfiledCodeHeapSize                  = 122909434                              {pd product} {ergonomic}
    uintx ProfiledCodeHeapSize                     = 122909434                              {pd product} {ergonomic}
    uintx ReservedCodeCacheSize                    = 251658240                              {pd product} {ergonomic}
     bool SegmentedCodeCache                       = true                                      {product} {ergonomic}
   size_t SoftMaxHeapSize                          = 4286578688                             {manageable} {ergonomic}
     bool UseCompressedClassPointers               = true                           {product lp64_product} {ergonomic}
     bool UseCompressedOops                        = true                           {product lp64_product} {ergonomic}
     bool UseG1GC                                  = true                                      {product} {ergonomic}
     bool UseLargePagesIndividualAllocation        = false                                  {pd product} {ergonomic}

Logging:
Log output configuration:
 #0: stdout all=warning uptime,level,tags foldmultilines=false
 #1: stderr all=off uptime,level,tags foldmultilines=false

Environment Variables:
PATH=C:\Users\salma\bin;C:\Program Files\Git\mingw64\bin;C:\Program Files\Git\usr\local\bin;C:\Program Files\Git\usr\bin;C:\Program Files\Git\usr\bin;C:\Program Files\Git\mingw64\bin;C:\Program Files\Git\usr\bin;C:\Users\salma\bin;C:\Program Files\Common Files\Oracle\Java\javapath;C:\Python310\Scripts;C:\Python310;C:\Windows\system32;C:\Windows;C:\Windows\System32\Wbem;C:\Windows\System32\WindowsPowerShell\v1.0;C:\Windows\System32\OpenSSH;C:\Program Files\NVIDIA Corporation\NVIDIA NvDLISR;C:\Program Files (x86)\NVIDIA Corporation\PhysX\Common;C:\ProgramData\chocolatey\bin;C:\Program Files\Git\cmd;C:\Program Files\dotnet;C:\Users\salma\AppData\Local\Programs\Python\Python37-32\Scripts;C:\Users\salma\AppData\Local\Programs\Python\Python37-32;C:\Users\salma\AppData\Local\Microsoft\WindowsApps;C:\Users\salma\AppData\Local\Programs\Microsoft VS Code\bin;C:\Users\salma\AppData\Roaming\npm;C:\Program Files\nodejs;C:\Users\salma\AppData\Local\Android\Sdk\platform-tools;C:\Gradle\gradle-7.6\bin;C:\Users\salma\AppData\Local\Programs\Python\Python37-32\Scripts;C:\Users\salma\AppData\Local\Programs\Python\Python37-32;C:\Users\salma\AppData\Local\Microsoft\WindowsApps;C:\Users\salma\AppData\Local\Programs\Microsoft VS Code\bin;C:\Users\salma\AppData\Local\JetBrains\Toolbox\scripts;C:\Users\salma\AppData\Roaming\npm;C:\Users\salma\AppData\Local\Android\Sdk\platform-tools;C:\Program Files\Git\usr\bin\vendor_perl;C:\Program Files\Git\usr\bin\core_perl
USERNAME=mypc
SHELL=C:\Program Files\Git\usr\bin\bash.exe
DISPLAY=needs-to-be-defined
LANG=en_US.UTF-8
OS=Windows_NT
PROCESSOR_IDENTIFIER=Intel64 Family 6 Model 94 Stepping 3, GenuineIntel



---------------  S Y S T E M  ---------------

OS:
 Windows 11 , 64 bit Build 22000 (10.0.22000.1335)
OS uptime: 0 days 0:47 hours

CPU: total 8 (initial active 8) (4 cores per cpu, 2 threads per core) family 6 model 94 stepping 3 microcode 0xd6, cx8, cmov, fxsr, ht, mmx, 3dnowpref, sse, sse2, sse3, ssse3, sse4.1, sse4.2, popcnt, lzcnt, tsc, tscinvbit, avx, avx2, aes, erms, clmul, bmi1, bmi2, rtm, adx, fma, vzeroupper, clflush, clflushopt

Memory: 4k page, system-wide physical 16345M (3059M free)
TotalPageFile size 16345M (AvailPageFile size 200M)
current process WorkingSet (physical memory assigned to process): 10M, peak: 10M
current process commit charge ("private bytes"): 60M, peak: 316M

vm_info: Java HotSpot(TM) 64-Bit Server VM (18.0.2+9-61) for windows-amd64 JRE (18.0.2+9-61), built on Jun  7 2022 13:09:01 by "mach5one" with MS VC++ 16.8 / 16.9 (VS2019)

END.
