#
# There is insufficient memory for the Java Runtime Environment to continue.
# Native memory allocation (malloc) failed to allocate 1309296 bytes for Chunk::new
# Possible reasons:
#   The system is out of physical RAM or swap space
#   The process is running with CompressedOops enabled, and the Java Heap may be blocking the growth of the native heap
# Possible solutions:
#   Reduce memory load on the system
#   Increase physical memory or swap space
#   Check if swap backing store is full
#   Decrease Java heap size (-Xmx/-Xms)
#   Decrease number of Java threads
#   Decrease Java thread stack sizes (-Xss)
#   Set larger code cache with -XX:ReservedCodeCacheSize=
#   JVM is running with Unscaled Compressed Oops mode in which the Java heap is
#     placed in the first 4GB address space. The Java Heap base address is the
#     maximum limit for the native heap growth. Please use -XX:HeapBaseMinAddress
#     to set the Java Heap base and to place the Java Heap above 4GB virtual address.
# This output file may be truncated or incomplete.
#
#  Out of Memory Error (./src/hotspot/share/memory/arena.cpp:197), pid=7820, tid=8624
#
# JRE version: OpenJDK Runtime Environment (11.0.13) (build 11.0.13+0-b1751.21-8125866)
# Java VM: OpenJDK 64-Bit Server VM (11.0.13+0-b1751.21-8125866, mixed mode, tiered, compressed oops, g1 gc, windows-amd64)
# No core dump will be written. Minidumps are not enabled by default on client versions of Windows
#

---------------  S U M M A R Y ------------

Command Line: -XX:MaxMetaspaceSize=512m --add-opens=java.base/java.util=ALL-UNNAMED --add-opens=java.base/java.lang=ALL-UNNAMED --add-opens=java.base/java.lang.invoke=ALL-UNNAMED --add-opens=java.base/java.util=ALL-UNNAMED --add-opens=java.prefs/java.util.prefs=ALL-UNNAMED --add-opens=java.prefs/java.util.prefs=ALL-UNNAMED --add-opens=java.base/java.nio.charset=ALL-UNNAMED --add-opens=java.base/java.net=ALL-UNNAMED --add-opens=java.base/java.util.concurrent.atomic=ALL-UNNAMED -Xmx2048m -Dfile.encoding=windows-1252 -Duser.country=US -Duser.language=en -Duser.variant org.gradle.launcher.daemon.bootstrap.GradleDaemon 7.5.1

Host: Intel(R) Core(TM) i7-6700 CPU @ 3.40GHz, 8 cores, 15G,  Windows 11 , 64 bit Build 22000 (10.0.22000.1335)
Time: Thu Dec 22 01:18:18 2022 Bangladesh Standard Time elapsed time: 2.183792 seconds (0d 0h 0m 2s)

---------------  T H R E A D  ---------------

Current thread (0x0000018dfc7fa800):  JavaThread "C2 CompilerThread2" daemon [_thread_in_native, id=8624, stack(0x00000084bba00000,0x00000084bbb00000)]


Current CompileTask:
C2:   2183 1932   !   4       java.lang.ClassLoader::loadClass (122 bytes)

Stack: [0x00000084bba00000,0x00000084bbb00000]
Native frames: (J=compiled Java code, j=interpreted, Vv=VM code, C=native code)
V  [jvm.dll+0x6100fa]
V  [jvm.dll+0x747090]
V  [jvm.dll+0x7486ad]
V  [jvm.dll+0x748d83]
V  [jvm.dll+0x24ab48]
V  [jvm.dll+0xc04dc]
V  [jvm.dll+0xc0a0c]
V  [jvm.dll+0x35eb9d]
V  [jvm.dll+0x32b833]
V  [jvm.dll+0x32ad2a]
V  [jvm.dll+0x2032b2]
V  [jvm.dll+0x202437]
V  [jvm.dll+0x188e01]
V  [jvm.dll+0x21106b]
V  [jvm.dll+0x20f8c1]
V  [jvm.dll+0x70de0f]
V  [jvm.dll+0x706a75]
V  [jvm.dll+0x60ed66]
C  [ucrtbase.dll+0x26c0c]
C  [KERNEL32.DLL+0x155a0]
C  [ntdll.dll+0x485b]


---------------  P R O C E S S  ---------------

Threads class SMR info:
_java_thread_list=0x0000018dfe41f740, length=25, elements={
0x0000018de1493000, 0x0000018dfb952800, 0x0000018dfc182800, 0x0000018dfc1e4000,
0x0000018dfc1e5000, 0x0000018dfc1e7000, 0x0000018dfc1e8000, 0x0000018dfc1eb000,
0x0000018dfc1f1800, 0x0000018dfc34e000, 0x0000018dfc4ee000, 0x0000018dfc7fa800,
0x0000018dfea8b000, 0x0000018dfee98800, 0x0000018dfed89800, 0x0000018d80a76000,
0x0000018d805cf000, 0x0000018dfeb0c000, 0x0000018dfee57000, 0x0000018d80045800,
0x0000018dfe9a5800, 0x0000018dfe80c000, 0x0000018dfeddc000, 0x0000018dfeddd000,
0x0000018dfedde000
}

Java Threads: ( => current thread )
  0x0000018de1493000 JavaThread "main" [_thread_blocked, id=15960, stack(0x00000084ba800000,0x00000084ba900000)]
  0x0000018dfb952800 JavaThread "Reference Handler" daemon [_thread_blocked, id=15480, stack(0x00000084baf00000,0x00000084bb000000)]
  0x0000018dfc182800 JavaThread "Finalizer" daemon [_thread_blocked, id=6660, stack(0x00000084bb000000,0x00000084bb100000)]
  0x0000018dfc1e4000 JavaThread "Signal Dispatcher" daemon [_thread_blocked, id=8272, stack(0x00000084bb100000,0x00000084bb200000)]
  0x0000018dfc1e5000 JavaThread "Attach Listener" daemon [_thread_blocked, id=4376, stack(0x00000084bb200000,0x00000084bb300000)]
  0x0000018dfc1e7000 JavaThread "Service Thread" daemon [_thread_blocked, id=3280, stack(0x00000084bb300000,0x00000084bb400000)]
  0x0000018dfc1e8000 JavaThread "C2 CompilerThread0" daemon [_thread_blocked, id=9428, stack(0x00000084bb400000,0x00000084bb500000)]
  0x0000018dfc1eb000 JavaThread "C1 CompilerThread0" daemon [_thread_blocked, id=6080, stack(0x00000084bb500000,0x00000084bb600000)]
  0x0000018dfc1f1800 JavaThread "Sweeper thread" daemon [_thread_blocked, id=4520, stack(0x00000084bb600000,0x00000084bb700000)]
  0x0000018dfc34e000 JavaThread "Common-Cleaner" daemon [_thread_blocked, id=3156, stack(0x00000084bb700000,0x00000084bb800000)]
  0x0000018dfc4ee000 JavaThread "C2 CompilerThread1" daemon [_thread_blocked, id=11568, stack(0x00000084bb900000,0x00000084bba00000)]
=>0x0000018dfc7fa800 JavaThread "C2 CompilerThread2" daemon [_thread_in_native, id=8624, stack(0x00000084bba00000,0x00000084bbb00000)]
  0x0000018dfea8b000 JavaThread "Daemon health stats" [_thread_blocked, id=16360, stack(0x00000084bc000000,0x00000084bc100000)]
  0x0000018dfee98800 JavaThread "Incoming local TCP Connector on port 53266" [_thread_in_native, id=3832, stack(0x00000084bc100000,0x00000084bc200000)]
  0x0000018dfed89800 JavaThread "Daemon periodic checks" [_thread_blocked, id=10340, stack(0x00000084bc200000,0x00000084bc300000)]
  0x0000018d80a76000 JavaThread "Daemon" [_thread_blocked, id=1396, stack(0x00000084bc300000,0x00000084bc400000)]
  0x0000018d805cf000 JavaThread "Handler for socket connection from /127.0.0.1:53266 to /127.0.0.1:53267" [_thread_in_native, id=4204, stack(0x00000084bc400000,0x00000084bc500000)]
  0x0000018dfeb0c000 JavaThread "Cancel handler" [_thread_blocked, id=6308, stack(0x00000084bc500000,0x00000084bc600000)]
  0x0000018dfee57000 JavaThread "Daemon worker" [_thread_in_native, id=3744, stack(0x00000084bc600000,0x00000084bc700000)]
  0x0000018d80045800 JavaThread "Asynchronous log dispatcher for DefaultDaemonConnection: socket connection from /127.0.0.1:53266 to /127.0.0.1:53267" [_thread_blocked, id=3712, stack(0x00000084bc700000,0x00000084bc800000)]
  0x0000018dfe9a5800 JavaThread "Stdin handler" [_thread_blocked, id=5980, stack(0x00000084bc800000,0x00000084bc900000)]
  0x0000018dfe80c000 JavaThread "Daemon client event forwarder" [_thread_blocked, id=12980, stack(0x00000084bc900000,0x00000084bca00000)]
  0x0000018dfeddc000 JavaThread "Cache worker for journal cache (C:\Users\salma\.gradle\caches\journal-1)" [_thread_blocked, id=852, stack(0x00000084bca00000,0x00000084bcb00000)]
  0x0000018dfeddd000 JavaThread "File lock request listener" [_thread_in_native, id=9668, stack(0x00000084bcb00000,0x00000084bcc00000)]
  0x0000018dfedde000 JavaThread "Cache worker for file hash cache (C:\Users\salma\.gradle\caches\7.5.1\fileHashes)" [_thread_blocked, id=6240, stack(0x00000084bcf00000,0x00000084bd000000)]

Other Threads:
  0x0000018dfb94f800 VMThread "VM Thread" [stack: 0x00000084bae00000,0x00000084baf00000] [id=1216]
  0x0000018dfc380800 WatcherThread [stack: 0x00000084bb800000,0x00000084bb900000] [id=14392]
  0x0000018de14ab000 GCTaskThread "GC Thread#0" [stack: 0x00000084ba900000,0x00000084baa00000] [id=10104]
  0x0000018dfd2fe000 GCTaskThread "GC Thread#1" [stack: 0x00000084bbb00000,0x00000084bbc00000] [id=2060]
  0x0000018dfcdf4800 GCTaskThread "GC Thread#2" [stack: 0x00000084bbc00000,0x00000084bbd00000] [id=15492]
  0x0000018dfd26f000 GCTaskThread "GC Thread#3" [stack: 0x00000084bbd00000,0x00000084bbe00000] [id=6016]
  0x0000018dfd5fa000 GCTaskThread "GC Thread#4" [stack: 0x00000084bbe00000,0x00000084bbf00000] [id=13188]
  0x0000018dfdb6c800 GCTaskThread "GC Thread#5" [stack: 0x00000084bbf00000,0x00000084bc000000] [id=4088]
  0x0000018dfd72d800 GCTaskThread "GC Thread#6" [stack: 0x00000084bcc00000,0x00000084bcd00000] [id=13024]
  0x0000018dfecb3000 GCTaskThread "GC Thread#7" [stack: 0x00000084bcd00000,0x00000084bce00000] [id=8516]
  0x0000018de14dc000 ConcurrentGCThread "G1 Main Marker" [stack: 0x00000084baa00000,0x00000084bab00000] [id=2920]
  0x0000018de14de000 ConcurrentGCThread "G1 Conc#0" [stack: 0x00000084bab00000,0x00000084bac00000] [id=11972]
  0x0000018dfe458000 ConcurrentGCThread "G1 Conc#1" [stack: 0x00000084bce00000,0x00000084bcf00000] [id=12128]
  0x0000018dfb7e0800 ConcurrentGCThread "G1 Refine#0" [stack: 0x00000084bac00000,0x00000084bad00000] [id=5828]
  0x0000018dfb7e3000 ConcurrentGCThread "G1 Young RemSet Sampling" [stack: 0x00000084bad00000,0x00000084bae00000] [id=14760]

Threads with active compile tasks:
C2 CompilerThread2   2209 1932   !   4       java.lang.ClassLoader::loadClass (122 bytes)

VM state:not at safepoint (normal execution)

VM Mutex/Monitor currently owned by a thread: None

Heap address: 0x0000000080000000, size: 2048 MB, Compressed Oops mode: 32-bit
Narrow klass base: 0x0000000000000000, Narrow klass shift: 3
Compressed class space size: 528482304 Address: 0x0000000100000000

Heap:
 garbage-first heap   total 262144K, used 28875K [0x0000000080000000, 0x0000000100000000)
  region size 1024K, 24 young (24576K), 12 survivors (12288K)
 Metaspace       used 22099K, capacity 22600K, committed 22832K, reserved 536576K
  class space    used 2742K, capacity 2916K, committed 2944K, reserved 516096K
Heap Regions: E=young(eden), S=young(survivor), O=old, HS=humongous(starts), HC=humongous(continues), CS=collection set, F=free, A=archive, TAMS=top-at-mark-start (previous, next)
|   0|0x0000000080000000, 0x0000000080000000, 0x0000000080100000|  0%| F|  |TAMS 0x0000000080000000, 0x0000000080000000| Untracked 
|   1|0x0000000080100000, 0x0000000080100000, 0x0000000080200000|  0%| F|  |TAMS 0x0000000080100000, 0x0000000080100000| Untracked 
|   2|0x0000000080200000, 0x0000000080200000, 0x0000000080300000|  0%| F|  |TAMS 0x0000000080200000, 0x0000000080200000| Untracked 
|   3|0x0000000080300000, 0x0000000080400000, 0x0000000080400000|100%|HS|  |TAMS 0x0000000080400000, 0x0000000080300000| Complete 
|   4|0x0000000080400000, 0x0000000080500000, 0x0000000080500000|100%|HC|  |TAMS 0x0000000080500000, 0x0000000080400000| Complete 
|   5|0x0000000080500000, 0x0000000080600000, 0x0000000080600000|100%|HC|  |TAMS 0x0000000080600000, 0x0000000080500000| Complete 
|   6|0x0000000080600000, 0x0000000080700000, 0x0000000080700000|100%| O|  |TAMS 0x0000000080700000, 0x0000000080600000| Untracked 
|   7|0x0000000080700000, 0x0000000080800000, 0x0000000080800000|100%| O|  |TAMS 0x0000000080800000, 0x0000000080700000| Untracked 
|   8|0x0000000080800000, 0x0000000080900000, 0x0000000080900000|100%| O|  |TAMS 0x0000000080900000, 0x0000000080800000| Untracked 
|   9|0x0000000080900000, 0x0000000080930600, 0x0000000080a00000| 18%| O|  |TAMS 0x0000000080930600, 0x0000000080900000| Untracked 
|  10|0x0000000080a00000, 0x0000000080a00000, 0x0000000080b00000|  0%| F|  |TAMS 0x0000000080a00000, 0x0000000080a00000| Untracked 
|  11|0x0000000080b00000, 0x0000000080b00000, 0x0000000080c00000|  0%| F|  |TAMS 0x0000000080b00000, 0x0000000080b00000| Untracked 
|  12|0x0000000080c00000, 0x0000000080c00000, 0x0000000080d00000|  0%| F|  |TAMS 0x0000000080c00000, 0x0000000080c00000| Untracked 
|  13|0x0000000080d00000, 0x0000000080d00000, 0x0000000080e00000|  0%| F|  |TAMS 0x0000000080d00000, 0x0000000080d00000| Untracked 
|  14|0x0000000080e00000, 0x0000000080e00000, 0x0000000080f00000|  0%| F|  |TAMS 0x0000000080e00000, 0x0000000080e00000| Untracked 
|  15|0x0000000080f00000, 0x0000000080f00000, 0x0000000081000000|  0%| F|  |TAMS 0x0000000080f00000, 0x0000000080f00000| Untracked 
|  16|0x0000000081000000, 0x0000000081000000, 0x0000000081100000|  0%| F|  |TAMS 0x0000000081000000, 0x0000000081000000| Untracked 
|  17|0x0000000081100000, 0x0000000081100000, 0x0000000081200000|  0%| F|  |TAMS 0x0000000081100000, 0x0000000081100000| Untracked 
|  18|0x0000000081200000, 0x0000000081200000, 0x0000000081300000|  0%| F|  |TAMS 0x0000000081200000, 0x0000000081200000| Untracked 
|  19|0x0000000081300000, 0x0000000081300000, 0x0000000081400000|  0%| F|  |TAMS 0x0000000081300000, 0x0000000081300000| Untracked 
|  20|0x0000000081400000, 0x0000000081400000, 0x0000000081500000|  0%| F|  |TAMS 0x0000000081400000, 0x0000000081400000| Untracked 
|  21|0x0000000081500000, 0x0000000081500000, 0x0000000081600000|  0%| F|  |TAMS 0x0000000081500000, 0x0000000081500000| Untracked 
|  22|0x0000000081600000, 0x0000000081600000, 0x0000000081700000|  0%| F|  |TAMS 0x0000000081600000, 0x0000000081600000| Untracked 
|  23|0x0000000081700000, 0x0000000081700000, 0x0000000081800000|  0%| F|  |TAMS 0x0000000081700000, 0x0000000081700000| Untracked 
|  24|0x0000000081800000, 0x0000000081800000, 0x0000000081900000|  0%| F|  |TAMS 0x0000000081800000, 0x0000000081800000| Untracked 
|  25|0x0000000081900000, 0x0000000081900000, 0x0000000081a00000|  0%| F|  |TAMS 0x0000000081900000, 0x0000000081900000| Untracked 
|  26|0x0000000081a00000, 0x0000000081a00000, 0x0000000081b00000|  0%| F|  |TAMS 0x0000000081a00000, 0x0000000081a00000| Untracked 
|  27|0x0000000081b00000, 0x0000000081b00000, 0x0000000081c00000|  0%| F|  |TAMS 0x0000000081b00000, 0x0000000081b00000| Untracked 
|  28|0x0000000081c00000, 0x0000000081c00000, 0x0000000081d00000|  0%| F|  |TAMS 0x0000000081c00000, 0x0000000081c00000| Untracked 
|  29|0x0000000081d00000, 0x0000000081d00000, 0x0000000081e00000|  0%| F|  |TAMS 0x0000000081d00000, 0x0000000081d00000| Untracked 
|  30|0x0000000081e00000, 0x0000000081e00000, 0x0000000081f00000|  0%| F|  |TAMS 0x0000000081e00000, 0x0000000081e00000| Untracked 
|  31|0x0000000081f00000, 0x0000000081f00000, 0x0000000082000000|  0%| F|  |TAMS 0x0000000081f00000, 0x0000000081f00000| Untracked 
|  32|0x0000000082000000, 0x0000000082000000, 0x0000000082100000|  0%| F|  |TAMS 0x0000000082000000, 0x0000000082000000| Untracked 
|  33|0x0000000082100000, 0x0000000082100000, 0x0000000082200000|  0%| F|  |TAMS 0x0000000082100000, 0x0000000082100000| Untracked 
|  34|0x0000000082200000, 0x0000000082200000, 0x0000000082300000|  0%| F|  |TAMS 0x0000000082200000, 0x0000000082200000| Untracked 
|  35|0x0000000082300000, 0x0000000082300000, 0x0000000082400000|  0%| F|  |TAMS 0x0000000082300000, 0x0000000082300000| Untracked 
|  36|0x0000000082400000, 0x0000000082400000, 0x0000000082500000|  0%| F|  |TAMS 0x0000000082400000, 0x0000000082400000| Untracked 
|  37|0x0000000082500000, 0x0000000082500000, 0x0000000082600000|  0%| F|  |TAMS 0x0000000082500000, 0x0000000082500000| Untracked 
|  38|0x0000000082600000, 0x0000000082600000, 0x0000000082700000|  0%| F|  |TAMS 0x0000000082600000, 0x0000000082600000| Untracked 
|  39|0x0000000082700000, 0x0000000082700000, 0x0000000082800000|  0%| F|  |TAMS 0x0000000082700000, 0x0000000082700000| Untracked 
|  40|0x0000000082800000, 0x0000000082800000, 0x0000000082900000|  0%| F|  |TAMS 0x0000000082800000, 0x0000000082800000| Untracked 
|  41|0x0000000082900000, 0x0000000082900000, 0x0000000082a00000|  0%| F|  |TAMS 0x0000000082900000, 0x0000000082900000| Untracked 
|  42|0x0000000082a00000, 0x0000000082a00000, 0x0000000082b00000|  0%| F|  |TAMS 0x0000000082a00000, 0x0000000082a00000| Untracked 
|  43|0x0000000082b00000, 0x0000000082b00000, 0x0000000082c00000|  0%| F|  |TAMS 0x0000000082b00000, 0x0000000082b00000| Untracked 
|  44|0x0000000082c00000, 0x0000000082c00000, 0x0000000082d00000|  0%| F|  |TAMS 0x0000000082c00000, 0x0000000082c00000| Untracked 
|  45|0x0000000082d00000, 0x0000000082d00000, 0x0000000082e00000|  0%| F|  |TAMS 0x0000000082d00000, 0x0000000082d00000| Untracked 
|  46|0x0000000082e00000, 0x0000000082e00000, 0x0000000082f00000|  0%| F|  |TAMS 0x0000000082e00000, 0x0000000082e00000| Untracked 
|  47|0x0000000082f00000, 0x0000000082f00000, 0x0000000083000000|  0%| F|  |TAMS 0x0000000082f00000, 0x0000000082f00000| Untracked 
|  48|0x0000000083000000, 0x0000000083000000, 0x0000000083100000|  0%| F|  |TAMS 0x0000000083000000, 0x0000000083000000| Untracked 
|  49|0x0000000083100000, 0x0000000083100000, 0x0000000083200000|  0%| F|  |TAMS 0x0000000083100000, 0x0000000083100000| Untracked 
|  50|0x0000000083200000, 0x0000000083200000, 0x0000000083300000|  0%| F|  |TAMS 0x0000000083200000, 0x0000000083200000| Untracked 
|  51|0x0000000083300000, 0x0000000083300000, 0x0000000083400000|  0%| F|  |TAMS 0x0000000083300000, 0x0000000083300000| Untracked 
|  52|0x0000000083400000, 0x0000000083400000, 0x0000000083500000|  0%| F|  |TAMS 0x0000000083400000, 0x0000000083400000| Untracked 
|  53|0x0000000083500000, 0x0000000083500000, 0x0000000083600000|  0%| F|  |TAMS 0x0000000083500000, 0x0000000083500000| Untracked 
|  54|0x0000000083600000, 0x0000000083600000, 0x0000000083700000|  0%| F|  |TAMS 0x0000000083600000, 0x0000000083600000| Untracked 
|  55|0x0000000083700000, 0x0000000083700000, 0x0000000083800000|  0%| F|  |TAMS 0x0000000083700000, 0x0000000083700000| Untracked 
|  56|0x0000000083800000, 0x0000000083800000, 0x0000000083900000|  0%| F|  |TAMS 0x0000000083800000, 0x0000000083800000| Untracked 
|  57|0x0000000083900000, 0x0000000083900000, 0x0000000083a00000|  0%| F|  |TAMS 0x0000000083900000, 0x0000000083900000| Untracked 
|  58|0x0000000083a00000, 0x0000000083a00000, 0x0000000083b00000|  0%| F|  |TAMS 0x0000000083a00000, 0x0000000083a00000| Untracked 
|  59|0x0000000083b00000, 0x0000000083b00000, 0x0000000083c00000|  0%| F|  |TAMS 0x0000000083b00000, 0x0000000083b00000| Untracked 
|  60|0x0000000083c00000, 0x0000000083c00000, 0x0000000083d00000|  0%| F|  |TAMS 0x0000000083c00000, 0x0000000083c00000| Untracked 
|  61|0x0000000083d00000, 0x0000000083d00000, 0x0000000083e00000|  0%| F|  |TAMS 0x0000000083d00000, 0x0000000083d00000| Untracked 
|  62|0x0000000083e00000, 0x0000000083e00000, 0x0000000083f00000|  0%| F|  |TAMS 0x0000000083e00000, 0x0000000083e00000| Untracked 
|  63|0x0000000083f00000, 0x0000000083f00000, 0x0000000084000000|  0%| F|  |TAMS 0x0000000083f00000, 0x0000000083f00000| Untracked 
|  64|0x0000000084000000, 0x0000000084000000, 0x0000000084100000|  0%| F|  |TAMS 0x0000000084000000, 0x0000000084000000| Untracked 
|  65|0x0000000084100000, 0x0000000084100000, 0x0000000084200000|  0%| F|  |TAMS 0x0000000084100000, 0x0000000084100000| Untracked 
|  66|0x0000000084200000, 0x0000000084200000, 0x0000000084300000|  0%| F|  |TAMS 0x0000000084200000, 0x0000000084200000| Untracked 
|  67|0x0000000084300000, 0x0000000084300000, 0x0000000084400000|  0%| F|  |TAMS 0x0000000084300000, 0x0000000084300000| Untracked 
|  68|0x0000000084400000, 0x0000000084400000, 0x0000000084500000|  0%| F|  |TAMS 0x0000000084400000, 0x0000000084400000| Untracked 
|  69|0x0000000084500000, 0x0000000084500000, 0x0000000084600000|  0%| F|  |TAMS 0x0000000084500000, 0x0000000084500000| Untracked 
|  70|0x0000000084600000, 0x0000000084600000, 0x0000000084700000|  0%| F|  |TAMS 0x0000000084600000, 0x0000000084600000| Untracked 
|  71|0x0000000084700000, 0x0000000084700000, 0x0000000084800000|  0%| F|  |TAMS 0x0000000084700000, 0x0000000084700000| Untracked 
|  72|0x0000000084800000, 0x0000000084800000, 0x0000000084900000|  0%| F|  |TAMS 0x0000000084800000, 0x0000000084800000| Untracked 
|  73|0x0000000084900000, 0x0000000084900000, 0x0000000084a00000|  0%| F|  |TAMS 0x0000000084900000, 0x0000000084900000| Untracked 
|  74|0x0000000084a00000, 0x0000000084a00000, 0x0000000084b00000|  0%| F|  |TAMS 0x0000000084a00000, 0x0000000084a00000| Untracked 
|  75|0x0000000084b00000, 0x0000000084b00000, 0x0000000084c00000|  0%| F|  |TAMS 0x0000000084b00000, 0x0000000084b00000| Untracked 
|  76|0x0000000084c00000, 0x0000000084c00000, 0x0000000084d00000|  0%| F|  |TAMS 0x0000000084c00000, 0x0000000084c00000| Untracked 
|  77|0x0000000084d00000, 0x0000000084d00000, 0x0000000084e00000|  0%| F|  |TAMS 0x0000000084d00000, 0x0000000084d00000| Untracked 
|  78|0x0000000084e00000, 0x0000000084e00000, 0x0000000084f00000|  0%| F|  |TAMS 0x0000000084e00000, 0x0000000084e00000| Untracked 
|  79|0x0000000084f00000, 0x0000000084f00000, 0x0000000085000000|  0%| F|  |TAMS 0x0000000084f00000, 0x0000000084f00000| Untracked 
|  80|0x0000000085000000, 0x0000000085000000, 0x0000000085100000|  0%| F|  |TAMS 0x0000000085000000, 0x0000000085000000| Untracked 
|  81|0x0000000085100000, 0x0000000085100000, 0x0000000085200000|  0%| F|  |TAMS 0x0000000085100000, 0x0000000085100000| Untracked 
|  82|0x0000000085200000, 0x0000000085200000, 0x0000000085300000|  0%| F|  |TAMS 0x0000000085200000, 0x0000000085200000| Untracked 
|  83|0x0000000085300000, 0x0000000085300000, 0x0000000085400000|  0%| F|  |TAMS 0x0000000085300000, 0x0000000085300000| Untracked 
|  84|0x0000000085400000, 0x0000000085400000, 0x0000000085500000|  0%| F|  |TAMS 0x0000000085400000, 0x0000000085400000| Untracked 
|  85|0x0000000085500000, 0x0000000085500000, 0x0000000085600000|  0%| F|  |TAMS 0x0000000085500000, 0x0000000085500000| Untracked 
|  86|0x0000000085600000, 0x0000000085600000, 0x0000000085700000|  0%| F|  |TAMS 0x0000000085600000, 0x0000000085600000| Untracked 
|  87|0x0000000085700000, 0x0000000085700000, 0x0000000085800000|  0%| F|  |TAMS 0x0000000085700000, 0x0000000085700000| Untracked 
|  88|0x0000000085800000, 0x0000000085800000, 0x0000000085900000|  0%| F|  |TAMS 0x0000000085800000, 0x0000000085800000| Untracked 
|  89|0x0000000085900000, 0x0000000085900000, 0x0000000085a00000|  0%| F|  |TAMS 0x0000000085900000, 0x0000000085900000| Untracked 
|  90|0x0000000085a00000, 0x0000000085a00000, 0x0000000085b00000|  0%| F|  |TAMS 0x0000000085a00000, 0x0000000085a00000| Untracked 
|  91|0x0000000085b00000, 0x0000000085b00000, 0x0000000085c00000|  0%| F|  |TAMS 0x0000000085b00000, 0x0000000085b00000| Untracked 
|  92|0x0000000085c00000, 0x0000000085c00000, 0x0000000085d00000|  0%| F|  |TAMS 0x0000000085c00000, 0x0000000085c00000| Untracked 
|  93|0x0000000085d00000, 0x0000000085d00000, 0x0000000085e00000|  0%| F|  |TAMS 0x0000000085d00000, 0x0000000085d00000| Untracked 
|  94|0x0000000085e00000, 0x0000000085e00000, 0x0000000085f00000|  0%| F|  |TAMS 0x0000000085e00000, 0x0000000085e00000| Untracked 
|  95|0x0000000085f00000, 0x0000000085f00000, 0x0000000086000000|  0%| F|  |TAMS 0x0000000085f00000, 0x0000000085f00000| Untracked 
|  96|0x0000000086000000, 0x0000000086000000, 0x0000000086100000|  0%| F|  |TAMS 0x0000000086000000, 0x0000000086000000| Untracked 
|  97|0x0000000086100000, 0x0000000086100000, 0x0000000086200000|  0%| F|  |TAMS 0x0000000086100000, 0x0000000086100000| Untracked 
|  98|0x0000000086200000, 0x0000000086200000, 0x0000000086300000|  0%| F|  |TAMS 0x0000000086200000, 0x0000000086200000| Untracked 
|  99|0x0000000086300000, 0x0000000086300000, 0x0000000086400000|  0%| F|  |TAMS 0x0000000086300000, 0x0000000086300000| Untracked 
| 100|0x0000000086400000, 0x0000000086400000, 0x0000000086500000|  0%| F|  |TAMS 0x0000000086400000, 0x0000000086400000| Untracked 
| 101|0x0000000086500000, 0x0000000086500000, 0x0000000086600000|  0%| F|  |TAMS 0x0000000086500000, 0x0000000086500000| Untracked 
| 102|0x0000000086600000, 0x0000000086600000, 0x0000000086700000|  0%| F|  |TAMS 0x0000000086600000, 0x0000000086600000| Untracked 
| 103|0x0000000086700000, 0x0000000086700000, 0x0000000086800000|  0%| F|  |TAMS 0x0000000086700000, 0x0000000086700000| Untracked 
| 104|0x0000000086800000, 0x0000000086800000, 0x0000000086900000|  0%| F|  |TAMS 0x0000000086800000, 0x0000000086800000| Untracked 
| 105|0x0000000086900000, 0x0000000086900000, 0x0000000086a00000|  0%| F|  |TAMS 0x0000000086900000, 0x0000000086900000| Untracked 
| 106|0x0000000086a00000, 0x0000000086a00000, 0x0000000086b00000|  0%| F|  |TAMS 0x0000000086a00000, 0x0000000086a00000| Untracked 
| 107|0x0000000086b00000, 0x0000000086b00000, 0x0000000086c00000|  0%| F|  |TAMS 0x0000000086b00000, 0x0000000086b00000| Untracked 
| 108|0x0000000086c00000, 0x0000000086c00000, 0x0000000086d00000|  0%| F|  |TAMS 0x0000000086c00000, 0x0000000086c00000| Untracked 
| 109|0x0000000086d00000, 0x0000000086d00000, 0x0000000086e00000|  0%| F|  |TAMS 0x0000000086d00000, 0x0000000086d00000| Untracked 
| 110|0x0000000086e00000, 0x0000000086e00000, 0x0000000086f00000|  0%| F|  |TAMS 0x0000000086e00000, 0x0000000086e00000| Untracked 
| 111|0x0000000086f00000, 0x0000000086f00000, 0x0000000087000000|  0%| F|  |TAMS 0x0000000086f00000, 0x0000000086f00000| Untracked 
| 112|0x0000000087000000, 0x0000000087000000, 0x0000000087100000|  0%| F|  |TAMS 0x0000000087000000, 0x0000000087000000| Untracked 
| 113|0x0000000087100000, 0x0000000087100000, 0x0000000087200000|  0%| F|  |TAMS 0x0000000087100000, 0x0000000087100000| Untracked 
| 114|0x0000000087200000, 0x0000000087200000, 0x0000000087300000|  0%| F|  |TAMS 0x0000000087200000, 0x0000000087200000| Untracked 
| 115|0x0000000087300000, 0x0000000087300000, 0x0000000087400000|  0%| F|  |TAMS 0x0000000087300000, 0x0000000087300000| Untracked 
| 116|0x0000000087400000, 0x0000000087400000, 0x0000000087500000|  0%| F|  |TAMS 0x0000000087400000, 0x0000000087400000| Untracked 
| 117|0x0000000087500000, 0x0000000087500000, 0x0000000087600000|  0%| F|  |TAMS 0x0000000087500000, 0x0000000087500000| Untracked 
| 118|0x0000000087600000, 0x0000000087600000, 0x0000000087700000|  0%| F|  |TAMS 0x0000000087600000, 0x0000000087600000| Untracked 
| 119|0x0000000087700000, 0x0000000087700000, 0x0000000087800000|  0%| F|  |TAMS 0x0000000087700000, 0x0000000087700000| Untracked 
| 120|0x0000000087800000, 0x0000000087800000, 0x0000000087900000|  0%| F|  |TAMS 0x0000000087800000, 0x0000000087800000| Untracked 
| 121|0x0000000087900000, 0x0000000087900000, 0x0000000087a00000|  0%| F|  |TAMS 0x0000000087900000, 0x0000000087900000| Untracked 
| 122|0x0000000087a00000, 0x0000000087a00000, 0x0000000087b00000|  0%| F|  |TAMS 0x0000000087a00000, 0x0000000087a00000| Untracked 
| 123|0x0000000087b00000, 0x0000000087b00000, 0x0000000087c00000|  0%| F|  |TAMS 0x0000000087b00000, 0x0000000087b00000| Untracked 
| 124|0x0000000087c00000, 0x0000000087c00000, 0x0000000087d00000|  0%| F|  |TAMS 0x0000000087c00000, 0x0000000087c00000| Untracked 
| 125|0x0000000087d00000, 0x0000000087d00000, 0x0000000087e00000|  0%| F|  |TAMS 0x0000000087d00000, 0x0000000087d00000| Untracked 
| 126|0x0000000087e00000, 0x0000000087e00000, 0x0000000087f00000|  0%| F|  |TAMS 0x0000000087e00000, 0x0000000087e00000| Untracked 
| 127|0x0000000087f00000, 0x0000000087f00000, 0x0000000088000000|  0%| F|  |TAMS 0x0000000087f00000, 0x0000000087f00000| Untracked 
| 128|0x0000000088000000, 0x0000000088000000, 0x0000000088100000|  0%| F|  |TAMS 0x0000000088000000, 0x0000000088000000| Untracked 
| 129|0x0000000088100000, 0x0000000088100000, 0x0000000088200000|  0%| F|  |TAMS 0x0000000088100000, 0x0000000088100000| Untracked 
| 130|0x0000000088200000, 0x0000000088200000, 0x0000000088300000|  0%| F|  |TAMS 0x0000000088200000, 0x0000000088200000| Untracked 
| 131|0x0000000088300000, 0x0000000088300000, 0x0000000088400000|  0%| F|  |TAMS 0x0000000088300000, 0x0000000088300000| Untracked 
| 132|0x0000000088400000, 0x0000000088400000, 0x0000000088500000|  0%| F|  |TAMS 0x0000000088400000, 0x0000000088400000| Untracked 
| 133|0x0000000088500000, 0x0000000088500000, 0x0000000088600000|  0%| F|  |TAMS 0x0000000088500000, 0x0000000088500000| Untracked 
| 134|0x0000000088600000, 0x0000000088600000, 0x0000000088700000|  0%| F|  |TAMS 0x0000000088600000, 0x0000000088600000| Untracked 
| 135|0x0000000088700000, 0x0000000088700000, 0x0000000088800000|  0%| F|  |TAMS 0x0000000088700000, 0x0000000088700000| Untracked 
| 136|0x0000000088800000, 0x0000000088800000, 0x0000000088900000|  0%| F|  |TAMS 0x0000000088800000, 0x0000000088800000| Untracked 
| 137|0x0000000088900000, 0x0000000088900000, 0x0000000088a00000|  0%| F|  |TAMS 0x0000000088900000, 0x0000000088900000| Untracked 
| 138|0x0000000088a00000, 0x0000000088a00000, 0x0000000088b00000|  0%| F|  |TAMS 0x0000000088a00000, 0x0000000088a00000| Untracked 
| 139|0x0000000088b00000, 0x0000000088b029c0, 0x0000000088c00000|  1%| S|CS|TAMS 0x0000000088b00000, 0x0000000088b00000| Complete 
| 140|0x0000000088c00000, 0x0000000088d00000, 0x0000000088d00000|100%| S|CS|TAMS 0x0000000088c00000, 0x0000000088c00000| Complete 
| 141|0x0000000088d00000, 0x0000000088e00000, 0x0000000088e00000|100%| S|CS|TAMS 0x0000000088d00000, 0x0000000088d00000| Complete 
| 142|0x0000000088e00000, 0x0000000088f00000, 0x0000000088f00000|100%| S|CS|TAMS 0x0000000088e00000, 0x0000000088e00000| Complete 
| 143|0x0000000088f00000, 0x0000000089000000, 0x0000000089000000|100%| S|CS|TAMS 0x0000000088f00000, 0x0000000088f00000| Complete 
| 144|0x0000000089000000, 0x0000000089100000, 0x0000000089100000|100%| S|CS|TAMS 0x0000000089000000, 0x0000000089000000| Complete 
| 145|0x0000000089100000, 0x0000000089200000, 0x0000000089200000|100%| S|CS|TAMS 0x0000000089100000, 0x0000000089100000| Complete 
| 146|0x0000000089200000, 0x0000000089300000, 0x0000000089300000|100%| S|CS|TAMS 0x0000000089200000, 0x0000000089200000| Complete 
| 147|0x0000000089300000, 0x0000000089400000, 0x0000000089400000|100%| S|CS|TAMS 0x0000000089300000, 0x0000000089300000| Complete 
| 148|0x0000000089400000, 0x0000000089500000, 0x0000000089500000|100%| S|CS|TAMS 0x0000000089400000, 0x0000000089400000| Complete 
| 149|0x0000000089500000, 0x0000000089600000, 0x0000000089600000|100%| S|CS|TAMS 0x0000000089500000, 0x0000000089500000| Complete 
| 150|0x0000000089600000, 0x0000000089700000, 0x0000000089700000|100%| S|CS|TAMS 0x0000000089600000, 0x0000000089600000| Complete 
| 151|0x0000000089700000, 0x0000000089700000, 0x0000000089800000|  0%| F|  |TAMS 0x0000000089700000, 0x0000000089700000| Untracked 
| 152|0x0000000089800000, 0x0000000089800000, 0x0000000089900000|  0%| F|  |TAMS 0x0000000089800000, 0x0000000089800000| Untracked 
| 153|0x0000000089900000, 0x0000000089900000, 0x0000000089a00000|  0%| F|  |TAMS 0x0000000089900000, 0x0000000089900000| Untracked 
| 154|0x0000000089a00000, 0x0000000089a00000, 0x0000000089b00000|  0%| F|  |TAMS 0x0000000089a00000, 0x0000000089a00000| Untracked 
| 155|0x0000000089b00000, 0x0000000089b00000, 0x0000000089c00000|  0%| F|  |TAMS 0x0000000089b00000, 0x0000000089b00000| Untracked 
| 156|0x0000000089c00000, 0x0000000089c00000, 0x0000000089d00000|  0%| F|  |TAMS 0x0000000089c00000, 0x0000000089c00000| Untracked 
| 157|0x0000000089d00000, 0x0000000089d00000, 0x0000000089e00000|  0%| F|  |TAMS 0x0000000089d00000, 0x0000000089d00000| Untracked 
| 158|0x0000000089e00000, 0x0000000089e00000, 0x0000000089f00000|  0%| F|  |TAMS 0x0000000089e00000, 0x0000000089e00000| Untracked 
| 159|0x0000000089f00000, 0x0000000089f00000, 0x000000008a000000|  0%| F|  |TAMS 0x0000000089f00000, 0x0000000089f00000| Untracked 
| 160|0x000000008a000000, 0x000000008a000000, 0x000000008a100000|  0%| F|  |TAMS 0x000000008a000000, 0x000000008a000000| Untracked 
| 161|0x000000008a100000, 0x000000008a100000, 0x000000008a200000|  0%| F|  |TAMS 0x000000008a100000, 0x000000008a100000| Untracked 
| 162|0x000000008a200000, 0x000000008a200000, 0x000000008a300000|  0%| F|  |TAMS 0x000000008a200000, 0x000000008a200000| Untracked 
| 163|0x000000008a300000, 0x000000008a300000, 0x000000008a400000|  0%| F|  |TAMS 0x000000008a300000, 0x000000008a300000| Untracked 
| 164|0x000000008a400000, 0x000000008a400000, 0x000000008a500000|  0%| F|  |TAMS 0x000000008a400000, 0x000000008a400000| Untracked 
| 165|0x000000008a500000, 0x000000008a500000, 0x000000008a600000|  0%| F|  |TAMS 0x000000008a500000, 0x000000008a500000| Untracked 
| 166|0x000000008a600000, 0x000000008a600000, 0x000000008a700000|  0%| F|  |TAMS 0x000000008a600000, 0x000000008a600000| Untracked 
| 167|0x000000008a700000, 0x000000008a700000, 0x000000008a800000|  0%| F|  |TAMS 0x000000008a700000, 0x000000008a700000| Untracked 
| 168|0x000000008a800000, 0x000000008a800000, 0x000000008a900000|  0%| F|  |TAMS 0x000000008a800000, 0x000000008a800000| Untracked 
| 169|0x000000008a900000, 0x000000008a900000, 0x000000008aa00000|  0%| F|  |TAMS 0x000000008a900000, 0x000000008a900000| Untracked 
| 170|0x000000008aa00000, 0x000000008aa00000, 0x000000008ab00000|  0%| F|  |TAMS 0x000000008aa00000, 0x000000008aa00000| Untracked 
| 171|0x000000008ab00000, 0x000000008ab00000, 0x000000008ac00000|  0%| F|  |TAMS 0x000000008ab00000, 0x000000008ab00000| Untracked 
| 172|0x000000008ac00000, 0x000000008ac00000, 0x000000008ad00000|  0%| F|  |TAMS 0x000000008ac00000, 0x000000008ac00000| Untracked 
| 173|0x000000008ad00000, 0x000000008ad00000, 0x000000008ae00000|  0%| F|  |TAMS 0x000000008ad00000, 0x000000008ad00000| Untracked 
| 174|0x000000008ae00000, 0x000000008ae00000, 0x000000008af00000|  0%| F|  |TAMS 0x000000008ae00000, 0x000000008ae00000| Untracked 
| 175|0x000000008af00000, 0x000000008af00000, 0x000000008b000000|  0%| F|  |TAMS 0x000000008af00000, 0x000000008af00000| Untracked 
| 176|0x000000008b000000, 0x000000008b000000, 0x000000008b100000|  0%| F|  |TAMS 0x000000008b000000, 0x000000008b000000| Untracked 
| 177|0x000000008b100000, 0x000000008b100000, 0x000000008b200000|  0%| F|  |TAMS 0x000000008b100000, 0x000000008b100000| Untracked 
| 178|0x000000008b200000, 0x000000008b200000, 0x000000008b300000|  0%| F|  |TAMS 0x000000008b200000, 0x000000008b200000| Untracked 
| 179|0x000000008b300000, 0x000000008b300000, 0x000000008b400000|  0%| F|  |TAMS 0x000000008b300000, 0x000000008b300000| Untracked 
| 180|0x000000008b400000, 0x000000008b400000, 0x000000008b500000|  0%| F|  |TAMS 0x000000008b400000, 0x000000008b400000| Untracked 
| 181|0x000000008b500000, 0x000000008b500000, 0x000000008b600000|  0%| F|  |TAMS 0x000000008b500000, 0x000000008b500000| Untracked 
| 182|0x000000008b600000, 0x000000008b600000, 0x000000008b700000|  0%| F|  |TAMS 0x000000008b600000, 0x000000008b600000| Untracked 
| 183|0x000000008b700000, 0x000000008b700000, 0x000000008b800000|  0%| F|  |TAMS 0x000000008b700000, 0x000000008b700000| Untracked 
| 184|0x000000008b800000, 0x000000008b800000, 0x000000008b900000|  0%| F|  |TAMS 0x000000008b800000, 0x000000008b800000| Untracked 
| 185|0x000000008b900000, 0x000000008b900000, 0x000000008ba00000|  0%| F|  |TAMS 0x000000008b900000, 0x000000008b900000| Untracked 
| 186|0x000000008ba00000, 0x000000008ba00000, 0x000000008bb00000|  0%| F|  |TAMS 0x000000008ba00000, 0x000000008ba00000| Untracked 
| 187|0x000000008bb00000, 0x000000008bb00000, 0x000000008bc00000|  0%| F|  |TAMS 0x000000008bb00000, 0x000000008bb00000| Untracked 
| 188|0x000000008bc00000, 0x000000008bc00000, 0x000000008bd00000|  0%| F|  |TAMS 0x000000008bc00000, 0x000000008bc00000| Untracked 
| 189|0x000000008bd00000, 0x000000008bd00000, 0x000000008be00000|  0%| F|  |TAMS 0x000000008bd00000, 0x000000008bd00000| Untracked 
| 190|0x000000008be00000, 0x000000008be00000, 0x000000008bf00000|  0%| F|  |TAMS 0x000000008be00000, 0x000000008be00000| Untracked 
| 191|0x000000008bf00000, 0x000000008bf00000, 0x000000008c000000|  0%| F|  |TAMS 0x000000008bf00000, 0x000000008bf00000| Untracked 
| 192|0x000000008c000000, 0x000000008c000000, 0x000000008c100000|  0%| F|  |TAMS 0x000000008c000000, 0x000000008c000000| Untracked 
| 193|0x000000008c100000, 0x000000008c100000, 0x000000008c200000|  0%| F|  |TAMS 0x000000008c100000, 0x000000008c100000| Untracked 
| 194|0x000000008c200000, 0x000000008c200000, 0x000000008c300000|  0%| F|  |TAMS 0x000000008c200000, 0x000000008c200000| Untracked 
| 195|0x000000008c300000, 0x000000008c300000, 0x000000008c400000|  0%| F|  |TAMS 0x000000008c300000, 0x000000008c300000| Untracked 
| 196|0x000000008c400000, 0x000000008c400000, 0x000000008c500000|  0%| F|  |TAMS 0x000000008c400000, 0x000000008c400000| Untracked 
| 197|0x000000008c500000, 0x000000008c500000, 0x000000008c600000|  0%| F|  |TAMS 0x000000008c500000, 0x000000008c500000| Untracked 
| 198|0x000000008c600000, 0x000000008c600000, 0x000000008c700000|  0%| F|  |TAMS 0x000000008c600000, 0x000000008c600000| Untracked 
| 199|0x000000008c700000, 0x000000008c700000, 0x000000008c800000|  0%| F|  |TAMS 0x000000008c700000, 0x000000008c700000| Untracked 
| 200|0x000000008c800000, 0x000000008c800000, 0x000000008c900000|  0%| F|  |TAMS 0x000000008c800000, 0x000000008c800000| Untracked 
| 201|0x000000008c900000, 0x000000008c900000, 0x000000008ca00000|  0%| F|  |TAMS 0x000000008c900000, 0x000000008c900000| Untracked 
| 202|0x000000008ca00000, 0x000000008ca00000, 0x000000008cb00000|  0%| F|  |TAMS 0x000000008ca00000, 0x000000008ca00000| Untracked 
| 203|0x000000008cb00000, 0x000000008cb00000, 0x000000008cc00000|  0%| F|  |TAMS 0x000000008cb00000, 0x000000008cb00000| Untracked 
| 204|0x000000008cc00000, 0x000000008cc00000, 0x000000008cd00000|  0%| F|  |TAMS 0x000000008cc00000, 0x000000008cc00000| Untracked 
| 205|0x000000008cd00000, 0x000000008cd00000, 0x000000008ce00000|  0%| F|  |TAMS 0x000000008cd00000, 0x000000008cd00000| Untracked 
| 206|0x000000008ce00000, 0x000000008ce00000, 0x000000008cf00000|  0%| F|  |TAMS 0x000000008ce00000, 0x000000008ce00000| Untracked 
| 207|0x000000008cf00000, 0x000000008cf00000, 0x000000008d000000|  0%| F|  |TAMS 0x000000008cf00000, 0x000000008cf00000| Untracked 
| 208|0x000000008d000000, 0x000000008d000000, 0x000000008d100000|  0%| F|  |TAMS 0x000000008d000000, 0x000000008d000000| Untracked 
| 209|0x000000008d100000, 0x000000008d100000, 0x000000008d200000|  0%| F|  |TAMS 0x000000008d100000, 0x000000008d100000| Untracked 
| 210|0x000000008d200000, 0x000000008d200000, 0x000000008d300000|  0%| F|  |TAMS 0x000000008d200000, 0x000000008d200000| Untracked 
| 211|0x000000008d300000, 0x000000008d300000, 0x000000008d400000|  0%| F|  |TAMS 0x000000008d300000, 0x000000008d300000| Untracked 
| 212|0x000000008d400000, 0x000000008d400000, 0x000000008d500000|  0%| F|  |TAMS 0x000000008d400000, 0x000000008d400000| Untracked 
| 213|0x000000008d500000, 0x000000008d500000, 0x000000008d600000|  0%| F|  |TAMS 0x000000008d500000, 0x000000008d500000| Untracked 
| 214|0x000000008d600000, 0x000000008d600000, 0x000000008d700000|  0%| F|  |TAMS 0x000000008d600000, 0x000000008d600000| Untracked 
| 215|0x000000008d700000, 0x000000008d700000, 0x000000008d800000|  0%| F|  |TAMS 0x000000008d700000, 0x000000008d700000| Untracked 
| 216|0x000000008d800000, 0x000000008d800000, 0x000000008d900000|  0%| F|  |TAMS 0x000000008d800000, 0x000000008d800000| Untracked 
| 217|0x000000008d900000, 0x000000008d900000, 0x000000008da00000|  0%| F|  |TAMS 0x000000008d900000, 0x000000008d900000| Untracked 
| 218|0x000000008da00000, 0x000000008da00000, 0x000000008db00000|  0%| F|  |TAMS 0x000000008da00000, 0x000000008da00000| Untracked 
| 219|0x000000008db00000, 0x000000008db00000, 0x000000008dc00000|  0%| F|  |TAMS 0x000000008db00000, 0x000000008db00000| Untracked 
| 220|0x000000008dc00000, 0x000000008dc00000, 0x000000008dd00000|  0%| F|  |TAMS 0x000000008dc00000, 0x000000008dc00000| Untracked 
| 221|0x000000008dd00000, 0x000000008dd00000, 0x000000008de00000|  0%| F|  |TAMS 0x000000008dd00000, 0x000000008dd00000| Untracked 
| 222|0x000000008de00000, 0x000000008de00000, 0x000000008df00000|  0%| F|  |TAMS 0x000000008de00000, 0x000000008de00000| Untracked 
| 223|0x000000008df00000, 0x000000008df00000, 0x000000008e000000|  0%| F|  |TAMS 0x000000008df00000, 0x000000008df00000| Untracked 
| 224|0x000000008e000000, 0x000000008e000000, 0x000000008e100000|  0%| F|  |TAMS 0x000000008e000000, 0x000000008e000000| Untracked 
| 225|0x000000008e100000, 0x000000008e100000, 0x000000008e200000|  0%| F|  |TAMS 0x000000008e100000, 0x000000008e100000| Untracked 
| 226|0x000000008e200000, 0x000000008e200000, 0x000000008e300000|  0%| F|  |TAMS 0x000000008e200000, 0x000000008e200000| Untracked 
| 227|0x000000008e300000, 0x000000008e300000, 0x000000008e400000|  0%| F|  |TAMS 0x000000008e300000, 0x000000008e300000| Untracked 
| 228|0x000000008e400000, 0x000000008e400000, 0x000000008e500000|  0%| F|  |TAMS 0x000000008e400000, 0x000000008e400000| Untracked 
| 229|0x000000008e500000, 0x000000008e500000, 0x000000008e600000|  0%| F|  |TAMS 0x000000008e500000, 0x000000008e500000| Untracked 
| 230|0x000000008e600000, 0x000000008e600000, 0x000000008e700000|  0%| F|  |TAMS 0x000000008e600000, 0x000000008e600000| Untracked 
| 231|0x000000008e700000, 0x000000008e700000, 0x000000008e800000|  0%| F|  |TAMS 0x000000008e700000, 0x000000008e700000| Untracked 
| 232|0x000000008e800000, 0x000000008e800000, 0x000000008e900000|  0%| F|  |TAMS 0x000000008e800000, 0x000000008e800000| Untracked 
| 233|0x000000008e900000, 0x000000008e900000, 0x000000008ea00000|  0%| F|  |TAMS 0x000000008e900000, 0x000000008e900000| Untracked 
| 234|0x000000008ea00000, 0x000000008ea00000, 0x000000008eb00000|  0%| F|  |TAMS 0x000000008ea00000, 0x000000008ea00000| Untracked 
| 235|0x000000008eb00000, 0x000000008eb00000, 0x000000008ec00000|  0%| F|  |TAMS 0x000000008eb00000, 0x000000008eb00000| Untracked 
| 236|0x000000008ec00000, 0x000000008ec00000, 0x000000008ed00000|  0%| F|  |TAMS 0x000000008ec00000, 0x000000008ec00000| Untracked 
| 237|0x000000008ed00000, 0x000000008ed00000, 0x000000008ee00000|  0%| F|  |TAMS 0x000000008ed00000, 0x000000008ed00000| Untracked 
| 238|0x000000008ee00000, 0x000000008ee00000, 0x000000008ef00000|  0%| F|  |TAMS 0x000000008ee00000, 0x000000008ee00000| Untracked 
| 239|0x000000008ef00000, 0x000000008ef00000, 0x000000008f000000|  0%| F|  |TAMS 0x000000008ef00000, 0x000000008ef00000| Untracked 
| 240|0x000000008f000000, 0x000000008f000000, 0x000000008f100000|  0%| F|  |TAMS 0x000000008f000000, 0x000000008f000000| Untracked 
| 241|0x000000008f100000, 0x000000008f100000, 0x000000008f200000|  0%| F|  |TAMS 0x000000008f100000, 0x000000008f100000| Untracked 
| 242|0x000000008f200000, 0x000000008f200000, 0x000000008f300000|  0%| F|  |TAMS 0x000000008f200000, 0x000000008f200000| Untracked 
| 243|0x000000008f300000, 0x000000008f378a40, 0x000000008f400000| 47%| E|  |TAMS 0x000000008f300000, 0x000000008f300000| Complete 
| 244|0x000000008f400000, 0x000000008f500000, 0x000000008f500000|100%| E|CS|TAMS 0x000000008f400000, 0x000000008f400000| Complete 
| 245|0x000000008f500000, 0x000000008f600000, 0x000000008f600000|100%| E|CS|TAMS 0x000000008f500000, 0x000000008f500000| Complete 
| 246|0x000000008f600000, 0x000000008f700000, 0x000000008f700000|100%| E|CS|TAMS 0x000000008f600000, 0x000000008f600000| Complete 
| 247|0x000000008f700000, 0x000000008f800000, 0x000000008f800000|100%| E|CS|TAMS 0x000000008f700000, 0x000000008f700000| Complete 
| 248|0x000000008f800000, 0x000000008f900000, 0x000000008f900000|100%| E|CS|TAMS 0x000000008f800000, 0x000000008f800000| Complete 
| 249|0x000000008f900000, 0x000000008fa00000, 0x000000008fa00000|100%| E|CS|TAMS 0x000000008f900000, 0x000000008f900000| Complete 
| 250|0x000000008fa00000, 0x000000008fb00000, 0x000000008fb00000|100%| E|CS|TAMS 0x000000008fa00000, 0x000000008fa00000| Complete 
| 251|0x000000008fb00000, 0x000000008fc00000, 0x000000008fc00000|100%| E|CS|TAMS 0x000000008fb00000, 0x000000008fb00000| Complete 
| 252|0x000000008fc00000, 0x000000008fd00000, 0x000000008fd00000|100%| E|CS|TAMS 0x000000008fc00000, 0x000000008fc00000| Complete 
| 253|0x000000008fd00000, 0x000000008fe00000, 0x000000008fe00000|100%| E|CS|TAMS 0x000000008fd00000, 0x000000008fd00000| Complete 
| 254|0x000000008fe00000, 0x000000008ff00000, 0x000000008ff00000|100%| E|CS|TAMS 0x000000008fe00000, 0x000000008fe00000| Complete 
| 255|0x000000008ff00000, 0x0000000090000000, 0x0000000090000000|100%| E|CS|TAMS 0x000000008ff00000, 0x000000008ff00000| Complete 

Card table byte_map: [0x0000018df46e0000,0x0000018df4ae0000] _byte_map_base: 0x0000018df42e0000

Marking Bits (Prev, Next): (CMBitMap*) 0x0000018de14d30e0, (CMBitMap*) 0x0000018de14d30a8
 Prev Bits: [0x0000018df6ee0000, 0x0000018df8ee0000)
 Next Bits: [0x0000018df4ee0000, 0x0000018df6ee0000)

Polling page: 0x0000018ddf470000

Metaspace:

Usage:
  Non-class:     19.29 MB capacity,    18.94 MB ( 98%) used,   311.95 KB (  2%) free+waste,    39.31 KB ( <1%) overhead. 
      Class:      2.85 MB capacity,     2.69 MB ( 94%) used,   144.66 KB (  5%) free+waste,    19.44 KB ( <1%) overhead. 
       Both:     22.13 MB capacity,    21.63 MB ( 98%) used,   456.62 KB (  2%) free+waste,    58.75 KB ( <1%) overhead. 

Virtual space:
  Non-class space:       20.00 MB reserved,      19.42 MB ( 97%) committed 
      Class space:      504.00 MB reserved,       2.88 MB ( <1%) committed 
             Both:      524.00 MB reserved,      22.30 MB (  4%) committed 

Chunk freelists:
   Non-Class:  28.00 KB
       Class:  28.00 KB
        Both:  56.00 KB

MaxMetaspaceSize: 512.00 MB
CompressedClassSpaceSize: 504.00 MB
Initial GC threshold: 20.80 MB
Current GC threshold: 34.87 MB
CDS: off

CodeHeap 'non-profiled nmethods': size=120000Kb used=1045Kb max_used=1045Kb free=118954Kb
 bounds [0x0000018deca80000, 0x0000018deccf0000, 0x0000018df3fb0000]
CodeHeap 'profiled nmethods': size=120000Kb used=4066Kb max_used=4066Kb free=115933Kb
 bounds [0x0000018de5550000, 0x0000018de5950000, 0x0000018deca80000]
CodeHeap 'non-nmethods': size=5760Kb used=1210Kb max_used=1227Kb free=4549Kb
 bounds [0x0000018de4fb0000, 0x0000018de5220000, 0x0000018de5550000]
 total_blobs=2457 nmethods=1973 adapters=396
 compilation: enabled
              stopped_count=0, restarted_count=0
 full_count=0

Compilation events (20 events):
Event: 2.152 Thread 0x0000018dfc1eb000 1955       3       sun.security.provider.MD5::GG (33 bytes)
Event: 2.153 Thread 0x0000018dfc1eb000 nmethod 1955 0x0000018de5938590 code [0x0000018de5938740, 0x0000018de5938858]
Event: 2.153 Thread 0x0000018dfc4ee000 nmethod 1953 0x0000018decb7e510 code [0x0000018decb7e6a0, 0x0000018decb7e8d8]
Event: 2.153 Thread 0x0000018dfc1eb000 1956       3       sun.security.provider.MD5::HH (29 bytes)
Event: 2.153 Thread 0x0000018dfc1eb000 nmethod 1956 0x0000018de5938910 code [0x0000018de5938ac0, 0x0000018de5938bd8]
Event: 2.153 Thread 0x0000018dfc1eb000 1957       3       sun.security.provider.MD5::II (31 bytes)
Event: 2.153 Thread 0x0000018dfc1eb000 nmethod 1957 0x0000018de5938c90 code [0x0000018de5938e40, 0x0000018de5938f58]
Event: 2.153 Thread 0x0000018dfc1eb000 1951       3       jdk.internal.org.objectweb.asm.MethodWriter::put (1602 bytes)
Event: 2.157 Thread 0x0000018dfc1eb000 nmethod 1951 0x0000018de5939010 code [0x0000018de5939900, 0x0000018de593ccb8]
Event: 2.157 Thread 0x0000018dfc1eb000 1958       3       java.util.Collections$EmptySet::iterator (4 bytes)
Event: 2.158 Thread 0x0000018dfc1eb000 nmethod 1958 0x0000018de593e310 code [0x0000018de593e4c0, 0x0000018de593e618]
Event: 2.158 Thread 0x0000018dfc1eb000 1959       3       java.util.Collections$EmptyMap::entrySet (4 bytes)
Event: 2.158 Thread 0x0000018dfc1eb000 nmethod 1959 0x0000018de593e710 code [0x0000018de593e8c0, 0x0000018de593ea18]
Event: 2.158 Thread 0x0000018dfc4ee000 1960   !   4       java.util.concurrent.ConcurrentHashMap::putVal (432 bytes)
Event: 2.164 Thread 0x0000018dfc1eb000 1961       3       java.lang.invoke.VarHandleObjects$FieldInstanceReadWrite::set (30 bytes)
Event: 2.165 Thread 0x0000018dfc1eb000 nmethod 1961 0x0000018de593eb10 code [0x0000018de593ed40, 0x0000018de593f448]
Event: 2.179 Thread 0x0000018dfc1e8000 nmethod 1952 0x0000018decb7f210 code [0x0000018decb7f420, 0x0000018decb80370]
Event: 2.181 Thread 0x0000018dfc1eb000 1964       3       jdk.internal.org.objectweb.asm.MethodWriter::visitLabel (321 bytes)
Event: 2.181 Thread 0x0000018dfc1eb000 nmethod 1964 0x0000018de593f710 code [0x0000018de593f960, 0x0000018de59405a8]
Event: 2.181 Thread 0x0000018dfc1eb000 1967       3       java.lang.invoke.LambdaForm::normalize (322 bytes)

GC Heap History (4 events):
Event: 0.689 GC heap before
{Heap before GC invocations=0 (full 0):
 garbage-first heap   total 262144K, used 29696K [0x0000000080000000, 0x0000000100000000)
  region size 1024K, 24 young (24576K), 0 survivors (0K)
 Metaspace       used 9726K, capacity 9896K, committed 10112K, reserved 526336K
  class space    used 993K, capacity 1069K, committed 1152K, reserved 516096K
}
Event: 0.693 GC heap after
{Heap after GC invocations=1 (full 0):
 garbage-first heap   total 262144K, used 9409K [0x0000000080000000, 0x0000000100000000)
  region size 1024K, 3 young (3072K), 3 survivors (3072K)
 Metaspace       used 9726K, capacity 9896K, committed 10112K, reserved 526336K
  class space    used 993K, capacity 1069K, committed 1152K, reserved 516096K
}
Event: 2.060 GC heap before
{Heap before GC invocations=1 (full 0):
 garbage-first heap   total 262144K, used 112833K [0x0000000080000000, 0x0000000100000000)
  region size 1024K, 105 young (107520K), 3 survivors (3072K)
 Metaspace       used 20757K, capacity 21222K, committed 21296K, reserved 536576K
  class space    used 2513K, capacity 2665K, committed 2688K, reserved 516096K
}
Event: 2.069 GC heap after
{Heap after GC invocations=2 (full 0):
 garbage-first heap   total 262144K, used 17611K [0x0000000080000000, 0x0000000100000000)
  region size 1024K, 12 young (12288K), 12 survivors (12288K)
 Metaspace       used 20757K, capacity 21222K, committed 21296K, reserved 536576K
  class space    used 2513K, capacity 2665K, committed 2688K, reserved 516096K
}

Deoptimization events (20 events):
Event: 1.968 Thread 0x0000018dfee57000 Uncommon trap: trap_request=0xffffff4d fr.pc=0x0000018decafb004 relative=0x00000000000005c4
Event: 1.968 Thread 0x0000018dfee57000 Uncommon trap: reason=unstable_if action=reinterpret pc=0x0000018decafb004 method=java.io.File.getName()Ljava/lang/String; @ 16 c2
Event: 1.968 Thread 0x0000018dfee57000 DEOPT PACKING pc=0x0000018decafb004 sp=0x00000084bc6fca70
Event: 1.968 Thread 0x0000018dfee57000 DEOPT UNPACKING pc=0x0000018de4ffa1af sp=0x00000084bc6fca40 mode 2
Event: 1.968 Thread 0x0000018dfee57000 Uncommon trap: trap_request=0xffffff4d fr.pc=0x0000018decaf9434 relative=0x0000000000000474
Event: 1.968 Thread 0x0000018dfee57000 Uncommon trap: reason=unstable_if action=reinterpret pc=0x0000018decaf9434 method=java.lang.String.substring(I)Ljava/lang/String; @ 34 c2
Event: 1.968 Thread 0x0000018dfee57000 DEOPT PACKING pc=0x0000018decaf9434 sp=0x00000084bc6fc9f0
Event: 1.968 Thread 0x0000018dfee57000 DEOPT UNPACKING pc=0x0000018de4ffa1af sp=0x00000084bc6fc9c8 mode 2
Event: 2.024 Thread 0x0000018dfee57000 Uncommon trap: trap_request=0xffffff4d fr.pc=0x0000018decb5024c relative=0x000000000000010c
Event: 2.024 Thread 0x0000018dfee57000 Uncommon trap: reason=unstable_if action=reinterpret pc=0x0000018decb5024c method=java.lang.ThreadLocal$ThreadLocalMap.getEntry(Ljava/lang/ThreadLocal;)Ljava/lang/ThreadLocal$ThreadLocalMap$Entry; @ 29 c2
Event: 2.024 Thread 0x0000018dfee57000 DEOPT PACKING pc=0x0000018decb5024c sp=0x00000084bc6fd9b0
Event: 2.024 Thread 0x0000018dfee57000 DEOPT UNPACKING pc=0x0000018de4ffa1af sp=0x00000084bc6fd8f0 mode 2
Event: 2.024 Thread 0x0000018dfee57000 Uncommon trap: trap_request=0xffffff4d fr.pc=0x0000018decb4fdb0 relative=0x00000000000000f0
Event: 2.024 Thread 0x0000018dfee57000 Uncommon trap: reason=unstable_if action=reinterpret pc=0x0000018decb4fdb0 method=java.lang.ThreadLocal$ThreadLocalMap.getEntry(Ljava/lang/ThreadLocal;)Ljava/lang/ThreadLocal$ThreadLocalMap$Entry; @ 29 c2
Event: 2.024 Thread 0x0000018dfee57000 DEOPT PACKING pc=0x0000018decb4fdb0 sp=0x00000084bc6fd6d0
Event: 2.024 Thread 0x0000018dfee57000 DEOPT UNPACKING pc=0x0000018de4ffa1af sp=0x00000084bc6fd688 mode 2
Event: 2.181 Thread 0x0000018dfee57000 Uncommon trap: trap_request=0xffffff4d fr.pc=0x0000018decb6a130 relative=0x00000000000003b0
Event: 2.181 Thread 0x0000018dfee57000 Uncommon trap: reason=unstable_if action=reinterpret pc=0x0000018decb6a130 method=jdk.internal.org.objectweb.asm.Type.getArgumentsAndReturnSizes(Ljava/lang/String;)I @ 88 c2
Event: 2.181 Thread 0x0000018dfee57000 DEOPT PACKING pc=0x0000018decb6a130 sp=0x00000084bc6f9790
Event: 2.181 Thread 0x0000018dfee57000 DEOPT UNPACKING pc=0x0000018de4ffa1af sp=0x00000084bc6f9718 mode 2

Classes redefined (0 events):
No events

Internal exceptions (20 events):
Event: 1.116 Thread 0x0000018de1493000 Exception <a 'java/security/PrivilegedActionException'{0x000000008d62c208}> (0x000000008d62c208) thrown at [./src/hotspot/share/prims/jvm.cpp, line 1306]
Event: 1.116 Thread 0x0000018de1493000 Exception <a 'java/security/PrivilegedActionException'{0x000000008d62c780}> (0x000000008d62c780) thrown at [./src/hotspot/share/prims/jvm.cpp, line 1306]
Event: 1.340 Thread 0x0000018de1493000 Exception <a 'java/lang/NoSuchMethodError'{0x000000008c40a0f0}: 'java.lang.Object java.lang.invoke.DirectMethodHandle$Holder.invokeStaticInit(java.lang.Object, java.lang.Object, java.lang.Object)'> (0x000000008c40a0f0) thrown at [./src/hotspot/share/interpreter/linkResolver.cpp, line 773]
Event: 1.474 Thread 0x0000018de1493000 Exception <a 'java/lang/NoSuchMethodError'{0x000000008bea91f0}: 'java.lang.Object java.lang.invoke.DirectMethodHandle$Holder.invokeStaticInit(java.lang.Object, int, int, int, int)'> (0x000000008bea91f0) thrown at [./src/hotspot/share/interpreter/linkResolver.cpp, line 773]
Event: 1.536 Thread 0x0000018de1493000 Exception <a 'java/lang/NoSuchMethodError'{0x000000008bd81790}: 'java.lang.Object java.lang.invoke.DirectMethodHandle$Holder.invokeStaticInit(java.lang.Object, java.lang.Object, int, int, int, int)'> (0x000000008bd81790) thrown at [./src/hotspot/share/interpreter/linkResolver.cpp, line 773]
Event: 1.636 Thread 0x0000018de1493000 Exception <a 'java/io/IOException'{0x000000008bb35030}> (0x000000008bb35030) thrown at [./src/hotspot/share/prims/jni.cpp, line 616]
Event: 1.702 Thread 0x0000018d805cf000 Exception <a 'java/lang/NoSuchMethodError'{0x000000008b9f6728}: <clinit>> (0x000000008b9f6728) thrown at [./src/hotspot/share/prims/jni.cpp, line 1366]
Event: 1.704 Thread 0x0000018d805cf000 Exception <a 'java/lang/NoSuchMethodError'{0x000000008b80ea48}: <clinit>> (0x000000008b80ea48) thrown at [./src/hotspot/share/prims/jni.cpp, line 1366]
Event: 1.704 Thread 0x0000018d805cf000 Exception <a 'java/lang/NoSuchMethodError'{0x000000008b818410}: <clinit>> (0x000000008b818410) thrown at [./src/hotspot/share/prims/jni.cpp, line 1366]
Event: 1.707 Thread 0x0000018d805cf000 Exception <a 'java/lang/NoSuchMethodError'{0x000000008b82d9b8}: <clinit>> (0x000000008b82d9b8) thrown at [./src/hotspot/share/prims/jni.cpp, line 1366]
Event: 1.778 Thread 0x0000018dfee57000 Exception <a 'java/lang/NoSuchMethodError'{0x000000008b5f7020}: 'long java.lang.invoke.DirectMethodHandle$Holder.invokeInterface(java.lang.Object, java.lang.Object)'> (0x000000008b5f7020) thrown at [./src/hotspot/share/interpreter/linkResolver.cpp, line 773]
Event: 1.779 Thread 0x0000018dfee57000 Exception <a 'java/lang/NoSuchMethodError'{0x000000008b404540}: 'void java.lang.invoke.DelegatingMethodHandle$Holder.reinvoke_L(java.lang.Object, java.lang.Object, java.lang.Object, java.lang.Object, java.lang.Object, java.lang.Object, java.lang.Object)'> (0x000000008b404540) thrown at [./src/hotspot/share/interpreter/linkResolver.cpp, line 773]
Event: 1.857 Thread 0x0000018dfee57000 Exception <a 'java/lang/NoSuchMethodError'{0x000000008ac29f28}: 'void java.lang.invoke.DirectMethodHandle$Holder.invokeStaticInit(java.lang.Object)'> (0x000000008ac29f28) thrown at [./src/hotspot/share/interpreter/linkResolver.cpp, line 773]
Event: 1.869 Thread 0x0000018dfee57000 Exception <a 'java/lang/NoSuchMethodError'{0x000000008ace54d0}: 'java.lang.Object java.lang.invoke.DirectMethodHandle$Holder.invokeStatic(java.lang.Object, java.lang.Object, java.lang.Object, int)'> (0x000000008ace54d0) thrown at [./src/hotspot/share/interpreter/linkResolver.cpp, line 773]
Event: 1.869 Thread 0x0000018dfee57000 Exception <a 'java/lang/NoSuchMethodError'{0x000000008ace9698}: 'java.lang.Object java.lang.invoke.DirectMethodHandle$Holder.invokeSpecial(java.lang.Object, java.lang.Object, java.lang.Object, java.lang.Object, int)'> (0x000000008ace9698) thrown at [./src/hotspot/share/interpreter/linkResolver.cpp, line 773]
Event: 1.870 Thread 0x0000018dfee57000 Exception <a 'java/lang/NoSuchMethodError'{0x000000008aced080}: 'java.lang.Object java.lang.invoke.Invokers$Holder.linkToTargetMethod(java.lang.Object, java.lang.Object, int, java.lang.Object)'> (0x000000008aced080) thrown at [./src/hotspot/share/interpreter/linkResolver.cpp, line 773]
Event: 1.985 Thread 0x0000018dfee57000 Exception <a 'java/lang/NoSuchMethodError'{0x000000008a24bae8}: 'java.lang.Object java.lang.invoke.Invokers$Holder.linkToTargetMethod(java.lang.Object, java.lang.Object, java.lang.Object, java.lang.Object, java.lang.Object, java.lang.Object)'> (0x000000008a24bae8) thrown at [./src/hotspot/share/interpreter/linkResolver.cpp, line 773]
Event: 2.119 Thread 0x0000018dfee57000 Exception <a 'java/lang/NoSuchMethodError'{0x000000008fbf9c68}: 'int java.lang.invoke.DirectMethodHandle$Holder.invokeSpecialIFC(java.lang.Object, java.lang.Object, java.lang.Object, java.lang.Object)'> (0x000000008fbf9c68) thrown at [./src/hotspot/share/interpreter/linkResolver.cpp, line 773]
Event: 2.120 Thread 0x0000018dfee57000 Exception <a 'java/lang/NoSuchMethodError'{0x000000008fa080b0}: 'java.lang.Object java.lang.invoke.DirectMethodHandle$Holder.invokeInterface(java.lang.Object, java.lang.Object, java.lang.Object)'> (0x000000008fa080b0) thrown at [./src/hotspot/share/interpreter/linkResolver.cpp, line 773]
Event: 2.120 Thread 0x0000018dfee57000 Exception <a 'java/lang/IncompatibleClassChangeError'{0x000000008fa0b588}: Found class java.lang.Object, but interface was expected> (0x000000008fa0b588) thrown at [./src/hotspot/share/interpreter/linkResolver.cpp, line 839]

Events (20 events):
Event: 2.178 loading class org/gradle/api/internal/attributes/AttributeContainerInternal
Event: 2.178 loading class org/gradle/api/internal/attributes/AttributeContainerInternal done
Event: 2.178 loading class org/gradle/api/attributes/AttributeContainer
Event: 2.178 loading class org/gradle/api/attributes/AttributeContainer done
Event: 2.178 loading class org/gradle/api/attributes/HasAttributes
Event: 2.178 loading class org/gradle/api/attributes/HasAttributes done
Event: 2.178 loading class org/gradle/api/internal/attributes/ImmutableAttributes
Event: 2.178 loading class org/gradle/api/internal/attributes/ImmutableAttributes done
Event: 2.179 loading class org/gradle/api/internal/attributes/AttributeMergingException
Event: 2.179 loading class org/gradle/api/internal/attributes/AttributeMergingException done
Event: 2.179 loading class org/gradle/api/internal/attributes/DefaultImmutableAttributes
Event: 2.179 loading class org/gradle/api/internal/attributes/DefaultImmutableAttributes done
Event: 2.180 loading class org/gradle/api/internal/attributes/AttributeValue
Event: 2.180 loading class org/gradle/api/internal/attributes/AttributeValue done
Event: 2.180 loading class org/gradle/api/attributes/Attribute
Event: 2.180 loading class org/gradle/api/attributes/Attribute done
Event: 2.181 loading class org/gradle/api/attributes/Attribute
Event: 2.181 loading class org/gradle/api/attributes/Attribute done
Event: 2.182 loading class org/gradle/api/internal/attributes/UsageCompatibilityHandler
Event: 2.182 loading class org/gradle/api/internal/attributes/UsageCompatibilityHandler done


Dynamic libraries:
0x00007ff7901b0000 - 0x00007ff7901ba000 	C:\Program Files\Android\Android Studio\jre\bin\java.exe
0x00007ffccfc60000 - 0x00007ffccfe69000 	C:\Windows\SYSTEM32\ntdll.dll
0x00007ffcce180000 - 0x00007ffcce23e000 	C:\Windows\System32\KERNEL32.DLL
0x00007ffccd760000 - 0x00007ffccdadb000 	C:\Windows\System32\KERNELBASE.dll
0x00007ffccd360000 - 0x00007ffccd471000 	C:\Windows\System32\ucrtbase.dll
0x00007ffcac140000 - 0x00007ffcac157000 	C:\Program Files\Android\Android Studio\jre\bin\VCRUNTIME140.dll
0x00007ffcac070000 - 0x00007ffcac089000 	C:\Program Files\Android\Android Studio\jre\bin\jli.dll
0x00007ffccf930000 - 0x00007ffccfadd000 	C:\Windows\System32\USER32.dll
0x00007ffccd520000 - 0x00007ffccd546000 	C:\Windows\System32\win32u.dll
0x00007ffcb6580000 - 0x00007ffcb6825000 	C:\Windows\WinSxS\amd64_microsoft.windows.common-controls_6595b64144ccf1df_6.0.22000.120_none_9d947278b86cc467\COMCTL32.dll
0x00007ffccf4e0000 - 0x00007ffccf509000 	C:\Windows\System32\GDI32.dll
0x00007ffcce650000 - 0x00007ffcce6f3000 	C:\Windows\System32\msvcrt.dll
0x00007ffccd550000 - 0x00007ffccd668000 	C:\Windows\System32\gdi32full.dll
0x00007ffccd480000 - 0x00007ffccd51d000 	C:\Windows\System32\msvcp_win.dll
0x00007ffccf350000 - 0x00007ffccf382000 	C:\Windows\System32\IMM32.DLL
0x00007ffc9e0a0000 - 0x00007ffc9e13d000 	C:\Program Files\Android\Android Studio\jre\bin\msvcp140.dll
0x00007ffc78dd0000 - 0x00007ffc798d2000 	C:\Program Files\Android\Android Studio\jre\bin\server\jvm.dll
0x00007ffccf5c0000 - 0x00007ffccf66e000 	C:\Windows\System32\ADVAPI32.dll
0x00007ffccdd50000 - 0x00007ffccddee000 	C:\Windows\System32\sechost.dll
0x00007ffccf810000 - 0x00007ffccf930000 	C:\Windows\System32\RPCRT4.dll
0x00007ffcce170000 - 0x00007ffcce178000 	C:\Windows\System32\PSAPI.DLL
0x00007ffcc71b0000 - 0x00007ffcc71e3000 	C:\Windows\SYSTEM32\WINMM.dll
0x00007ffcaa900000 - 0x00007ffcaa909000 	C:\Windows\SYSTEM32\WSOCK32.dll
0x00007ffccdc80000 - 0x00007ffccdcef000 	C:\Windows\System32\WS2_32.dll
0x00007ffcc5520000 - 0x00007ffcc552a000 	C:\Windows\SYSTEM32\VERSION.dll
0x00007ffccc2a0000 - 0x00007ffccc2b8000 	C:\Windows\SYSTEM32\kernel.appcore.dll
0x00007ffcb8070000 - 0x00007ffcb8081000 	C:\Program Files\Android\Android Studio\jre\bin\verify.dll
0x00007ffcbc850000 - 0x00007ffcbca71000 	C:\Windows\SYSTEM32\DBGHELP.DLL
0x00007ffcb9d80000 - 0x00007ffcb9db1000 	C:\Windows\SYSTEM32\dbgcore.DLL
0x00007ffccd6e0000 - 0x00007ffccd75f000 	C:\Windows\System32\bcryptPrimitives.dll
0x00007ffcb1b10000 - 0x00007ffcb1b39000 	C:\Program Files\Android\Android Studio\jre\bin\java.dll
0x00007ffcc8b10000 - 0x00007ffcc8b1b000 	C:\Program Files\Android\Android Studio\jre\bin\jimage.dll
0x00007ffcb7e00000 - 0x00007ffcb7e18000 	C:\Program Files\Android\Android Studio\jre\bin\zip.dll
0x00007ffcce720000 - 0x00007ffcceed7000 	C:\Windows\System32\SHELL32.dll
0x00007ffccb230000 - 0x00007ffccba95000 	C:\Windows\SYSTEM32\windows.storage.dll
0x00007ffccddf0000 - 0x00007ffcce168000 	C:\Windows\System32\combase.dll
0x00007ffccb0c0000 - 0x00007ffccb226000 	C:\Windows\SYSTEM32\wintypes.dll
0x00007ffcce4e0000 - 0x00007ffcce5ca000 	C:\Windows\System32\SHCORE.dll
0x00007ffccdcf0000 - 0x00007ffccdd4d000 	C:\Windows\System32\shlwapi.dll
0x00007ffccd060000 - 0x00007ffccd081000 	C:\Windows\SYSTEM32\profapi.dll
0x00007ffcaf5c0000 - 0x00007ffcaf5da000 	C:\Program Files\Android\Android Studio\jre\bin\net.dll
0x00007ffcc6f10000 - 0x00007ffcc7024000 	C:\Windows\SYSTEM32\WINHTTP.dll
0x00007ffccc740000 - 0x00007ffccc7a7000 	C:\Windows\system32\mswsock.dll
0x00007ffcac6d0000 - 0x00007ffcac6e4000 	C:\Program Files\Android\Android Studio\jre\bin\nio.dll
0x00007ffc90030000 - 0x00007ffc90057000 	C:\Users\salma\.gradle\native\e1d6ef7f7dcc3fd88c89a11ec53ec762bb8ba0a96d01ffa2cd45eb1d1d8dd5c5\windows-amd64\native-platform.dll
0x00007ffc894d0000 - 0x00007ffc89614000 	C:\Users\salma\.gradle\native\0d407fdbe67a94daf76414ababcb853783967236a71b16ec16e742cd7a986fd3\windows-amd64\native-platform-file-events.dll
0x00007ffcc7440000 - 0x00007ffcc744a000 	C:\Program Files\Android\Android Studio\jre\bin\management.dll
0x00007ffcbfc40000 - 0x00007ffcbfc4d000 	C:\Program Files\Android\Android Studio\jre\bin\management_ext.dll
0x00007ffccc980000 - 0x00007ffccc998000 	C:\Windows\SYSTEM32\CRYPTSP.dll
0x00007ffccc200000 - 0x00007ffccc235000 	C:\Windows\system32\rsaenh.dll
0x00007ffccc830000 - 0x00007ffccc859000 	C:\Windows\SYSTEM32\USERENV.dll
0x00007ffcccb10000 - 0x00007ffcccb37000 	C:\Windows\SYSTEM32\bcrypt.dll
0x00007ffccc9a0000 - 0x00007ffccc9ac000 	C:\Windows\SYSTEM32\CRYPTBASE.dll
0x00007ffccbdc0000 - 0x00007ffccbded000 	C:\Windows\SYSTEM32\IPHLPAPI.DLL
0x00007ffcce700000 - 0x00007ffcce709000 	C:\Windows\System32\NSI.dll
0x00007ffcc6cf0000 - 0x00007ffcc6d09000 	C:\Windows\SYSTEM32\dhcpcsvc6.DLL
0x00007ffcc78c0000 - 0x00007ffcc78de000 	C:\Windows\SYSTEM32\dhcpcsvc.DLL
0x00007ffccbdf0000 - 0x00007ffccbed8000 	C:\Windows\SYSTEM32\DNSAPI.dll

dbghelp: loaded successfully - version: 4.0.5 - missing functions: none
symbol engine: initialized successfully - sym options: 0x614 - pdb path: .;C:\Program Files\Android\Android Studio\jre\bin;C:\Windows\SYSTEM32;C:\Windows\WinSxS\amd64_microsoft.windows.common-controls_6595b64144ccf1df_6.0.22000.120_none_9d947278b86cc467;C:\Program Files\Android\Android Studio\jre\bin\server;C:\Users\salma\.gradle\native\e1d6ef7f7dcc3fd88c89a11ec53ec762bb8ba0a96d01ffa2cd45eb1d1d8dd5c5\windows-amd64;C:\Users\salma\.gradle\native\0d407fdbe67a94daf76414ababcb853783967236a71b16ec16e742cd7a986fd3\windows-amd64

VM Arguments:
jvm_args: -XX:MaxMetaspaceSize=512m --add-opens=java.base/java.util=ALL-UNNAMED --add-opens=java.base/java.lang=ALL-UNNAMED --add-opens=java.base/java.lang.invoke=ALL-UNNAMED --add-opens=java.base/java.util=ALL-UNNAMED --add-opens=java.prefs/java.util.prefs=ALL-UNNAMED --add-opens=java.prefs/java.util.prefs=ALL-UNNAMED --add-opens=java.base/java.nio.charset=ALL-UNNAMED --add-opens=java.base/java.net=ALL-UNNAMED --add-opens=java.base/java.util.concurrent.atomic=ALL-UNNAMED -Xmx2048m -Dfile.encoding=windows-1252 -Duser.country=US -Duser.language=en -Duser.variant 
java_command: org.gradle.launcher.daemon.bootstrap.GradleDaemon 7.5.1
java_class_path (initial): C:\Users\salma\.gradle\wrapper\dists\gradle-7.5.1-all\1ehga6e77gqps5uk2kc5kf1vc\gradle-7.5.1\lib\gradle-launcher-7.5.1.jar
Launcher Type: SUN_STANDARD

[Global flags]
     intx CICompilerCount                          = 4                                         {product} {ergonomic}
   size_t CompressedClassSpaceSize                 = 528482304                                 {product} {ergonomic}
     uint ConcGCThreads                            = 2                                         {product} {ergonomic}
     uint G1ConcRefinementThreads                  = 8                                         {product} {ergonomic}
   size_t G1HeapRegionSize                         = 1048576                                   {product} {ergonomic}
    uintx GCDrainStackTargetSize                   = 64                                        {product} {ergonomic}
   size_t InitialHeapSize                          = 268435456                                 {product} {ergonomic}
   size_t MarkStackSize                            = 4194304                                   {product} {ergonomic}
   size_t MaxHeapSize                              = 2147483648                                {product} {command line}
   size_t MaxMetaspaceSize                         = 536870912                                 {product} {command line}
   size_t MaxNewSize                               = 1287651328                                {product} {ergonomic}
   size_t MinHeapDeltaBytes                        = 1048576                                   {product} {ergonomic}
    uintx NonNMethodCodeHeapSize                   = 5836300                                {pd product} {ergonomic}
    uintx NonProfiledCodeHeapSize                  = 122910970                              {pd product} {ergonomic}
    uintx ProfiledCodeHeapSize                     = 122910970                              {pd product} {ergonomic}
    uintx ReservedCodeCacheSize                    = 251658240                              {pd product} {ergonomic}
     bool SegmentedCodeCache                       = true                                      {product} {ergonomic}
     bool UseCompressedClassPointers               = true                                 {lp64_product} {ergonomic}
     bool UseCompressedOops                        = true                                 {lp64_product} {ergonomic}
     bool UseG1GC                                  = true                                      {product} {ergonomic}
     bool UseLargePagesIndividualAllocation        = false                                  {pd product} {ergonomic}

Logging:
Log output configuration:
 #0: stdout all=warning uptime,level,tags
 #1: stderr all=off uptime,level,tags

Environment Variables:
PATH=C:\Program Files\Common Files\Oracle\Java\javapath;C:\Python310\Scripts\;C:\Python310\;C:\Windows\system32;C:\Windows;C:\Windows\System32\Wbem;C:\Windows\System32\WindowsPowerShell\v1.0\;C:\Windows\System32\OpenSSH\;C:\Program Files\NVIDIA Corporation\NVIDIA NvDLISR;C:\Program Files (x86)\NVIDIA Corporation\PhysX\Common;C:\ProgramData\chocolatey\bin;C:\Program Files\Git\cmd;C:\Program Files\dotnet\;C:\Users\salma\AppData\Local\Programs\Python\Python37-32\Scripts\;C:\Users\salma\AppData\Local\Programs\Python\Python37-32\;C:\Users\salma\AppData\Local\Microsoft\WindowsApps;C:\Users\salma\AppData\Local\Programs\Microsoft VS Code\bin;C:\Users\salma\AppData\Roaming\npm;C:\Program Files\nodejs\;C:\Users\salma\AppData\Local\Android\Sdk\platform-tools;C:\Gradle\gradle-7.6\bin;C:\Users\salma\AppData\Local\Programs\Python\Python37-32\Scripts\;C:\Users\salma\AppData\Local\Programs\Python\Python37-32\;C:\Users\salma\AppData\Local\Microsoft\WindowsApps;C:\Users\salma\AppData\Local\Programs\Microsoft VS Code\bin;C:\Users\salma\AppData\Local\JetBrains\Toolbox\scripts;C:\Users\salma\AppData\Roaming\npm;C:\Users\salma\AppData\Local\Android\Sdk\platform-tools;
USERNAME=mypc
OS=Windows_NT
PROCESSOR_IDENTIFIER=Intel64 Family 6 Model 94 Stepping 3, GenuineIntel



---------------  S Y S T E M  ---------------

OS: Windows 11 , 64 bit Build 22000 (10.0.22000.1335)
OS uptime: 0 days 1:14 hours

CPU:total 8 (initial active 8) (4 cores per cpu, 2 threads per core) family 6 model 94 stepping 3 microcode 0xd6, cmov, cx8, fxsr, mmx, sse, sse2, sse3, ssse3, sse4.1, sse4.2, popcnt, avx, avx2, aes, clmul, erms, rtm, 3dnowpref, lzcnt, ht, tsc, tscinvbit, bmi1, bmi2, adx, fma

Memory: 4k page, system-wide physical 16345M (2311M free)
TotalPageFile size 16345M (AvailPageFile size 4M)
current process WorkingSet (physical memory assigned to process): 236M, peak: 236M
current process commit charge ("private bytes"): 410M, peak: 411M

vm_info: OpenJDK 64-Bit Server VM (11.0.13+0-b1751.21-8125866) for windows-amd64 JRE (11.0.13+0-b1751.21-8125866), built on Feb  2 2022 03:00:22 by "builder" with MS VC++ 14.0 (VS2015)

END.
